{"/govuk/finder-frontend/app/assets/javascripts.bak/support.js":{"path":"/govuk/finder-frontend/app/assets/javascripts.bak/support.js","statementMap":{"0":{"start":{"line":1,"column":0},"end":{"line":1,"column":62}},"1":{"start":{"line":1,"column":43},"end":{"line":1,"column":60}},"2":{"start":{"line":2,"column":0},"end":{"line":2,"column":78}},"3":{"start":{"line":2,"column":51},"end":{"line":2,"column":76}},"4":{"start":{"line":4,"column":0},"end":{"line":6,"column":1}},"5":{"start":{"line":5,"column":2},"end":{"line":5,"column":82}}},"fnMap":{"0":{"name":"history","decl":{"start":{"line":4,"column":40},"end":{"line":4,"column":47}},"loc":{"start":{"line":4,"column":51},"end":{"line":6,"column":1}},"line":4}},"branchMap":{"0":{"loc":{"start":{"line":1,"column":0},"end":{"line":1,"column":62}},"type":"if","locations":[{"start":{"line":1,"column":0},"end":{"line":1,"column":62}},{"start":{"line":1,"column":0},"end":{"line":1,"column":62}}],"line":1},"1":{"loc":{"start":{"line":2,"column":0},"end":{"line":2,"column":78}},"type":"if","locations":[{"start":{"line":2,"column":0},"end":{"line":2,"column":78}},{"start":{"line":2,"column":0},"end":{"line":2,"column":78}}],"line":2},"2":{"loc":{"start":{"line":5,"column":9},"end":{"line":5,"column":82}},"type":"binary-expr","locations":[{"start":{"line":5,"column":9},"end":{"line":5,"column":23}},{"start":{"line":5,"column":27},"end":{"line":5,"column":51}},{"start":{"line":5,"column":55},"end":{"line":5,"column":82}}],"line":5}},"s":{"0":1,"1":0,"2":1,"3":1,"4":1,"5":0},"f":{"0":0},"b":{"0":[0,1],"1":[1,0],"2":[0,0,0]},"_coverageSchema":"1a1c01bbd47fc00a2c39e90264f33305004495a9","hash":"86eda0ec8db78ae16c91698c3ed55d6904bb12c5"},"/govuk/finder-frontend/app/assets/javascripts.bak/live_search.js":{"path":"/govuk/finder-frontend/app/assets/javascripts.bak/live_search.js","statementMap":{"0":{"start":{"line":2,"column":0},"end":{"line":465,"column":4}},"1":{"start":{"line":5,"column":2},"end":{"line":5,"column":35}},"2":{"start":{"line":6,"column":14},"end":{"line":6,"column":26}},"3":{"start":{"line":9,"column":4},"end":{"line":9,"column":22}},"4":{"start":{"line":10,"column":4},"end":{"line":10,"column":30}},"5":{"start":{"line":11,"column":4},"end":{"line":11,"column":25}},"6":{"start":{"line":13,"column":4},"end":{"line":13,"column":30}},"7":{"start":{"line":14,"column":4},"end":{"line":14,"column":71}},"8":{"start":{"line":15,"column":4},"end":{"line":15,"column":75}},"9":{"start":{"line":16,"column":4},"end":{"line":16,"column":72}},"10":{"start":{"line":17,"column":4},"end":{"line":17,"column":61}},"11":{"start":{"line":18,"column":4},"end":{"line":18,"column":64}},"12":{"start":{"line":19,"column":4},"end":{"line":19,"column":66}},"13":{"start":{"line":20,"column":4},"end":{"line":20,"column":76}},"14":{"start":{"line":21,"column":4},"end":{"line":21,"column":72}},"15":{"start":{"line":22,"column":4},"end":{"line":22,"column":77}},"16":{"start":{"line":23,"column":4},"end":{"line":23,"column":69}},"17":{"start":{"line":24,"column":4},"end":{"line":24,"column":63}},"18":{"start":{"line":25,"column":4},"end":{"line":25,"column":67}},"19":{"start":{"line":26,"column":4},"end":{"line":26,"column":53}},"20":{"start":{"line":27,"column":4},"end":{"line":27,"column":64}},"21":{"start":{"line":28,"column":4},"end":{"line":28,"column":89}},"22":{"start":{"line":29,"column":4},"end":{"line":29,"column":75}},"23":{"start":{"line":30,"column":4},"end":{"line":30,"column":50}},"24":{"start":{"line":31,"column":4},"end":{"line":31,"column":32}},"25":{"start":{"line":33,"column":4},"end":{"line":33,"column":55}},"26":{"start":{"line":34,"column":4},"end":{"line":34,"column":42}},"27":{"start":{"line":35,"column":4},"end":{"line":35,"column":47}},"28":{"start":{"line":36,"column":4},"end":{"line":36,"column":27}},"29":{"start":{"line":37,"column":4},"end":{"line":37,"column":36}},"30":{"start":{"line":39,"column":4},"end":{"line":43,"column":5}},"31":{"start":{"line":42,"column":6},"end":{"line":42,"column":45}},"32":{"start":{"line":45,"column":4},"end":{"line":45,"column":45}},"33":{"start":{"line":49,"column":4},"end":{"line":54,"column":5}},"34":{"start":{"line":51,"column":8},"end":{"line":51,"column":26}},"35":{"start":{"line":52,"column":8},"end":{"line":52,"column":26}},"36":{"start":{"line":56,"column":4},"end":{"line":93,"column":5}},"37":{"start":{"line":57,"column":6},"end":{"line":57,"column":22}},"38":{"start":{"line":59,"column":6},"end":{"line":63,"column":7}},"39":{"start":{"line":61,"column":10},"end":{"line":61,"column":28}},"40":{"start":{"line":67,"column":6},"end":{"line":71,"column":7}},"41":{"start":{"line":69,"column":10},"end":{"line":69,"column":28}},"42":{"start":{"line":73,"column":6},"end":{"line":86,"column":7}},"43":{"start":{"line":75,"column":26},"end":{"line":75,"column":28}},"44":{"start":{"line":77,"column":10},"end":{"line":84,"column":11}},"45":{"start":{"line":78,"column":12},"end":{"line":80,"column":13}},"46":{"start":{"line":79,"column":14},"end":{"line":79,"column":60}},"47":{"start":{"line":81,"column":12},"end":{"line":81,"column":30}},"48":{"start":{"line":82,"column":12},"end":{"line":82,"column":59}},"49":{"start":{"line":83,"column":12},"end":{"line":83,"column":30}},"50":{"start":{"line":88,"column":6},"end":{"line":88,"column":30}},"51":{"start":{"line":90,"column":6},"end":{"line":90,"column":56}},"52":{"start":{"line":92,"column":6},"end":{"line":92,"column":56}},"53":{"start":{"line":96,"column":2},"end":{"line":100,"column":3}},"54":{"start":{"line":97,"column":4},"end":{"line":97,"column":74}},"55":{"start":{"line":98,"column":4},"end":{"line":98,"column":76}},"56":{"start":{"line":99,"column":4},"end":{"line":99,"column":52}},"57":{"start":{"line":99,"column":27},"end":{"line":99,"column":50}},"58":{"start":{"line":102,"column":2},"end":{"line":105,"column":3}},"59":{"start":{"line":103,"column":4},"end":{"line":103,"column":96}},"60":{"start":{"line":104,"column":4},"end":{"line":104,"column":24}},"61":{"start":{"line":107,"column":2},"end":{"line":113,"column":3}},"62":{"start":{"line":108,"column":21},"end":{"line":108,"column":48}},"63":{"start":{"line":109,"column":19},"end":{"line":111,"column":6}},"64":{"start":{"line":110,"column":6},"end":{"line":110,"column":72}},"65":{"start":{"line":112,"column":4},"end":{"line":112,"column":19}},"66":{"start":{"line":115,"column":2},"end":{"line":121,"column":3}},"67":{"start":{"line":116,"column":4},"end":{"line":118,"column":5}},"68":{"start":{"line":117,"column":6},"end":{"line":117,"column":37}},"69":{"start":{"line":119,"column":4},"end":{"line":119,"column":35}},"70":{"start":{"line":120,"column":4},"end":{"line":120,"column":22}},"71":{"start":{"line":123,"column":2},"end":{"line":131,"column":3}},"72":{"start":{"line":124,"column":4},"end":{"line":130,"column":5}},"73":{"start":{"line":125,"column":6},"end":{"line":125,"column":47}},"74":{"start":{"line":126,"column":6},"end":{"line":126,"column":24}},"75":{"start":{"line":127,"column":6},"end":{"line":127,"column":26}},"76":{"start":{"line":128,"column":6},"end":{"line":128,"column":28}},"77":{"start":{"line":129,"column":6},"end":{"line":129,"column":30}},"78":{"start":{"line":133,"column":2},"end":{"line":152,"column":3}},"79":{"start":{"line":135,"column":4},"end":{"line":151,"column":5}},"80":{"start":{"line":136,"column":6},"end":{"line":136,"column":38}},"81":{"start":{"line":137,"column":6},"end":{"line":137,"column":22}},"82":{"start":{"line":138,"column":6},"end":{"line":138,"column":24}},"83":{"start":{"line":139,"column":6},"end":{"line":139,"column":24}},"84":{"start":{"line":140,"column":6},"end":{"line":140,"column":24}},"85":{"start":{"line":141,"column":6},"end":{"line":141,"column":40}},"86":{"start":{"line":142,"column":6},"end":{"line":150,"column":7}},"87":{"start":{"line":144,"column":24},"end":{"line":144,"column":76}},"88":{"start":{"line":145,"column":10},"end":{"line":145,"column":59}},"89":{"start":{"line":146,"column":10},"end":{"line":146,"column":29}},"90":{"start":{"line":147,"column":10},"end":{"line":147,"column":49}},"91":{"start":{"line":148,"column":10},"end":{"line":148,"column":30}},"92":{"start":{"line":154,"column":2},"end":{"line":158,"column":3}},"93":{"start":{"line":155,"column":36},"end":{"line":155,"column":105}},"94":{"start":{"line":156,"column":25},"end":{"line":156,"column":72}},"95":{"start":{"line":157,"column":4},"end":{"line":157,"column":58}},"96":{"start":{"line":160,"column":2},"end":{"line":164,"column":3}},"97":{"start":{"line":161,"column":4},"end":{"line":161,"column":48}},"98":{"start":{"line":162,"column":4},"end":{"line":162,"column":28}},"99":{"start":{"line":163,"column":4},"end":{"line":163,"column":41}},"100":{"start":{"line":166,"column":2},"end":{"line":170,"column":3}},"101":{"start":{"line":167,"column":18},"end":{"line":167,"column":70}},"102":{"start":{"line":168,"column":4},"end":{"line":168,"column":48}},"103":{"start":{"line":169,"column":4},"end":{"line":169,"column":92}},"104":{"start":{"line":172,"column":2},"end":{"line":178,"column":3}},"105":{"start":{"line":173,"column":37},"end":{"line":173,"column":80}},"106":{"start":{"line":175,"column":38},"end":{"line":175,"column":81}},"107":{"start":{"line":176,"column":21},"end":{"line":176,"column":122}},"108":{"start":{"line":177,"column":4},"end":{"line":177,"column":58}},"109":{"start":{"line":186,"column":2},"end":{"line":212,"column":3}},"110":{"start":{"line":187,"column":20},"end":{"line":187,"column":49}},"111":{"start":{"line":188,"column":4},"end":{"line":200,"column":5}},"112":{"start":{"line":189,"column":6},"end":{"line":199,"column":8}},"113":{"start":{"line":190,"column":25},"end":{"line":190,"column":67}},"114":{"start":{"line":191,"column":8},"end":{"line":198,"column":10}},"115":{"start":{"line":192,"column":26},"end":{"line":192,"column":33}},"116":{"start":{"line":193,"column":30},"end":{"line":193,"column":80}},"117":{"start":{"line":194,"column":31},"end":{"line":194,"column":70}},"118":{"start":{"line":195,"column":10},"end":{"line":195,"column":63}},"119":{"start":{"line":196,"column":10},"end":{"line":196,"column":88}},"120":{"start":{"line":197,"column":10},"end":{"line":197,"column":65}},"121":{"start":{"line":202,"column":19},"end":{"line":202,"column":42}},"122":{"start":{"line":203,"column":4},"end":{"line":211,"column":5}},"123":{"start":{"line":204,"column":38},"end":{"line":204,"column":92}},"124":{"start":{"line":206,"column":6},"end":{"line":210,"column":7}},"125":{"start":{"line":207,"column":29},"end":{"line":207,"column":80}},"126":{"start":{"line":208,"column":8},"end":{"line":208,"column":29}},"127":{"start":{"line":209,"column":8},"end":{"line":209,"column":75}},"128":{"start":{"line":214,"column":2},"end":{"line":227,"column":3}},"129":{"start":{"line":215,"column":18},"end":{"line":218,"column":5}},"130":{"start":{"line":219,"column":19},"end":{"line":219,"column":34}},"131":{"start":{"line":220,"column":17},"end":{"line":220,"column":71}},"132":{"start":{"line":222,"column":4},"end":{"line":226,"column":5}},"133":{"start":{"line":229,"column":2},"end":{"line":235,"column":3}},"134":{"start":{"line":230,"column":4},"end":{"line":234,"column":5}},"135":{"start":{"line":231,"column":6},"end":{"line":231,"column":35}},"136":{"start":{"line":233,"column":6},"end":{"line":233,"column":35}},"137":{"start":{"line":237,"column":2},"end":{"line":239,"column":3}},"138":{"start":{"line":238,"column":4},"end":{"line":238,"column":67}},"139":{"start":{"line":241,"column":2},"end":{"line":250,"column":3}},"140":{"start":{"line":242,"column":19},"end":{"line":242,"column":41}},"141":{"start":{"line":243,"column":26},"end":{"line":243,"column":41}},"142":{"start":{"line":245,"column":4},"end":{"line":249,"column":5}},"143":{"start":{"line":246,"column":6},"end":{"line":246,"column":56}},"144":{"start":{"line":248,"column":6},"end":{"line":248,"column":37}},"145":{"start":{"line":252,"column":2},"end":{"line":255,"column":3}},"146":{"start":{"line":254,"column":4},"end":{"line":254,"column":57}},"147":{"start":{"line":257,"column":2},"end":{"line":261,"column":3}},"148":{"start":{"line":258,"column":4},"end":{"line":258,"column":50}},"149":{"start":{"line":258,"column":42},"end":{"line":258,"column":48}},"150":{"start":{"line":259,"column":4},"end":{"line":259,"column":68}},"151":{"start":{"line":260,"column":4},"end":{"line":260,"column":27}},"152":{"start":{"line":263,"column":2},"end":{"line":267,"column":3}},"153":{"start":{"line":264,"column":4},"end":{"line":264,"column":60}},"154":{"start":{"line":265,"column":4},"end":{"line":265,"column":128}},"155":{"start":{"line":266,"column":4},"end":{"line":266,"column":72}},"156":{"start":{"line":269,"column":2},"end":{"line":271,"column":3}},"157":{"start":{"line":270,"column":4},"end":{"line":270,"column":57}},"158":{"start":{"line":273,"column":2},"end":{"line":292,"column":3}},"159":{"start":{"line":274,"column":4},"end":{"line":276,"column":5}},"160":{"start":{"line":275,"column":6},"end":{"line":275,"column":12}},"161":{"start":{"line":278,"column":19},"end":{"line":278,"column":41}},"162":{"start":{"line":279,"column":27},"end":{"line":279,"column":81}},"163":{"start":{"line":281,"column":26},"end":{"line":281,"column":41}},"164":{"start":{"line":282,"column":34},"end":{"line":282,"column":57}},"165":{"start":{"line":283,"column":26},"end":{"line":283,"column":69}},"166":{"start":{"line":285,"column":4},"end":{"line":287,"column":5}},"167":{"start":{"line":286,"column":6},"end":{"line":286,"column":38}},"168":{"start":{"line":289,"column":4},"end":{"line":291,"column":5}},"169":{"start":{"line":290,"column":6},"end":{"line":290,"column":36}},"170":{"start":{"line":294,"column":2},"end":{"line":299,"column":3}},"171":{"start":{"line":295,"column":28},"end":{"line":295,"column":73}},"172":{"start":{"line":297,"column":4},"end":{"line":297,"column":44}},"173":{"start":{"line":298,"column":4},"end":{"line":298,"column":40}},"174":{"start":{"line":301,"column":2},"end":{"line":308,"column":3}},"175":{"start":{"line":302,"column":30},"end":{"line":302,"column":77}},"176":{"start":{"line":303,"column":4},"end":{"line":307,"column":5}},"177":{"start":{"line":304,"column":6},"end":{"line":304,"column":55}},"178":{"start":{"line":305,"column":6},"end":{"line":305,"column":48}},"179":{"start":{"line":306,"column":6},"end":{"line":306,"column":42}},"180":{"start":{"line":310,"column":2},"end":{"line":331,"column":3}},"181":{"start":{"line":311,"column":22},"end":{"line":311,"column":41}},"182":{"start":{"line":312,"column":27},"end":{"line":312,"column":50}},"183":{"start":{"line":313,"column":21},"end":{"line":313,"column":25}},"184":{"start":{"line":314,"column":4},"end":{"line":330,"column":5}},"185":{"start":{"line":315,"column":6},"end":{"line":315,"column":33}},"186":{"start":{"line":316,"column":6},"end":{"line":325,"column":8}},"187":{"start":{"line":321,"column":8},"end":{"line":321,"column":61}},"188":{"start":{"line":322,"column":8},"end":{"line":322,"column":61}},"189":{"start":{"line":324,"column":8},"end":{"line":324,"column":39}},"190":{"start":{"line":327,"column":6},"end":{"line":327,"column":56}},"191":{"start":{"line":328,"column":16},"end":{"line":328,"column":32}},"192":{"start":{"line":329,"column":6},"end":{"line":329,"column":26}},"193":{"start":{"line":333,"column":2},"end":{"line":342,"column":3}},"194":{"start":{"line":334,"column":22},"end":{"line":334,"column":47}},"195":{"start":{"line":335,"column":4},"end":{"line":337,"column":5}},"196":{"start":{"line":336,"column":6},"end":{"line":336,"column":84}},"197":{"start":{"line":338,"column":4},"end":{"line":341,"column":5}},"198":{"start":{"line":339,"column":6},"end":{"line":339,"column":76}},"199":{"start":{"line":340,"column":6},"end":{"line":340,"column":89}},"200":{"start":{"line":344,"column":2},"end":{"line":346,"column":3}},"201":{"start":{"line":345,"column":4},"end":{"line":345,"column":48}},"202":{"start":{"line":348,"column":2},"end":{"line":350,"column":3}},"203":{"start":{"line":349,"column":4},"end":{"line":349,"column":88}},"204":{"start":{"line":352,"column":2},"end":{"line":354,"column":3}},"205":{"start":{"line":353,"column":4},"end":{"line":353,"column":25}},"206":{"start":{"line":356,"column":2},"end":{"line":375,"column":3}},"207":{"start":{"line":359,"column":4},"end":{"line":374,"column":5}},"208":{"start":{"line":360,"column":6},"end":{"line":360,"column":68}},"209":{"start":{"line":361,"column":6},"end":{"line":361,"column":65}},"210":{"start":{"line":362,"column":6},"end":{"line":362,"column":65}},"211":{"start":{"line":363,"column":6},"end":{"line":363,"column":73}},"212":{"start":{"line":364,"column":6},"end":{"line":364,"column":71}},"213":{"start":{"line":365,"column":6},"end":{"line":365,"column":90}},"214":{"start":{"line":366,"column":6},"end":{"line":366,"column":76}},"215":{"start":{"line":367,"column":6},"end":{"line":367,"column":69}},"216":{"start":{"line":368,"column":6},"end":{"line":368,"column":67}},"217":{"start":{"line":369,"column":6},"end":{"line":369,"column":45}},"218":{"start":{"line":370,"column":6},"end":{"line":370,"column":48}},"219":{"start":{"line":371,"column":6},"end":{"line":371,"column":50}},"220":{"start":{"line":372,"column":6},"end":{"line":372,"column":64}},"221":{"start":{"line":373,"column":6},"end":{"line":373,"column":40}},"222":{"start":{"line":377,"column":2},"end":{"line":383,"column":3}},"223":{"start":{"line":378,"column":15},"end":{"line":378,"column":19}},"224":{"start":{"line":379,"column":4},"end":{"line":382,"column":6}},"225":{"start":{"line":380,"column":16},"end":{"line":380,"column":21}},"226":{"start":{"line":381,"column":6},"end":{"line":381,"column":86}},"227":{"start":{"line":385,"column":2},"end":{"line":393,"column":3}},"228":{"start":{"line":387,"column":4},"end":{"line":391,"column":5}},"229":{"start":{"line":388,"column":6},"end":{"line":390,"column":7}},"230":{"start":{"line":389,"column":8},"end":{"line":389,"column":19}},"231":{"start":{"line":392,"column":4},"end":{"line":392,"column":16}},"232":{"start":{"line":395,"column":2},"end":{"line":401,"column":3}},"233":{"start":{"line":396,"column":15},"end":{"line":396,"column":19}},"234":{"start":{"line":397,"column":4},"end":{"line":400,"column":6}},"235":{"start":{"line":398,"column":16},"end":{"line":398,"column":21}},"236":{"start":{"line":399,"column":6},"end":{"line":399,"column":67}},"237":{"start":{"line":403,"column":2},"end":{"line":411,"column":3}},"238":{"start":{"line":405,"column":4},"end":{"line":409,"column":5}},"239":{"start":{"line":406,"column":6},"end":{"line":408,"column":7}},"240":{"start":{"line":407,"column":8},"end":{"line":407,"column":29}},"241":{"start":{"line":410,"column":4},"end":{"line":410,"column":13}},"242":{"start":{"line":413,"column":2},"end":{"line":418,"column":3}},"243":{"start":{"line":414,"column":26},"end":{"line":414,"column":66}},"244":{"start":{"line":415,"column":4},"end":{"line":417,"column":5}},"245":{"start":{"line":416,"column":6},"end":{"line":416,"column":29}},"246":{"start":{"line":420,"column":2},"end":{"line":432,"column":3}},"247":{"start":{"line":421,"column":4},"end":{"line":421,"column":26}},"248":{"start":{"line":421,"column":20},"end":{"line":421,"column":26}},"249":{"start":{"line":423,"column":4},"end":{"line":431,"column":5}},"250":{"start":{"line":425,"column":22},"end":{"line":425,"column":26}},"251":{"start":{"line":427,"column":6},"end":{"line":430,"column":7}},"252":{"start":{"line":428,"column":24},"end":{"line":428,"column":39}},"253":{"start":{"line":429,"column":8},"end":{"line":429,"column":112}},"254":{"start":{"line":434,"column":2},"end":{"line":450,"column":3}},"255":{"start":{"line":435,"column":17},"end":{"line":435,"column":78}},"256":{"start":{"line":436,"column":30},"end":{"line":440,"column":6}},"257":{"start":{"line":443,"column":4},"end":{"line":448,"column":5}},"258":{"start":{"line":444,"column":6},"end":{"line":444,"column":43}},"259":{"start":{"line":445,"column":6},"end":{"line":445,"column":40}},"260":{"start":{"line":446,"column":6},"end":{"line":446,"column":76}},"261":{"start":{"line":447,"column":6},"end":{"line":447,"column":109}},"262":{"start":{"line":449,"column":4},"end":{"line":449,"column":18}},"263":{"start":{"line":452,"column":2},"end":{"line":462,"column":3}},"264":{"start":{"line":453,"column":17},"end":{"line":453,"column":78}},"265":{"start":{"line":456,"column":4},"end":{"line":461,"column":5}},"266":{"start":{"line":457,"column":6},"end":{"line":457,"column":46}},"267":{"start":{"line":458,"column":6},"end":{"line":458,"column":54}},"268":{"start":{"line":459,"column":6},"end":{"line":459,"column":79}},"269":{"start":{"line":460,"column":6},"end":{"line":460,"column":41}},"270":{"start":{"line":464,"column":2},"end":{"line":464,"column":31}}},"fnMap":{"0":{"name":"(anonymous_0)","decl":{"start":{"line":2,"column":1},"end":{"line":2,"column":2}},"loc":{"start":{"line":2,"column":13},"end":{"line":465,"column":1}},"line":2},"1":{"name":"LiveSearch","decl":{"start":{"line":8,"column":11},"end":{"line":8,"column":21}},"loc":{"start":{"line":8,"column":32},"end":{"line":94,"column":3}},"line":8},"2":{"name":"(anonymous_2)","decl":{"start":{"line":50,"column":6},"end":{"line":50,"column":7}},"loc":{"start":{"line":50,"column":19},"end":{"line":53,"column":7}},"line":50},"3":{"name":"(anonymous_3)","decl":{"start":{"line":60,"column":8},"end":{"line":60,"column":9}},"loc":{"start":{"line":60,"column":21},"end":{"line":62,"column":9}},"line":60},"4":{"name":"(anonymous_4)","decl":{"start":{"line":68,"column":8},"end":{"line":68,"column":9}},"loc":{"start":{"line":68,"column":21},"end":{"line":70,"column":9}},"line":68},"5":{"name":"(anonymous_5)","decl":{"start":{"line":74,"column":8},"end":{"line":74,"column":9}},"loc":{"start":{"line":74,"column":21},"end":{"line":85,"column":9}},"line":74},"6":{"name":"startEnhancedEcommerceTracking","decl":{"start":{"line":96,"column":65},"end":{"line":96,"column":95}},"loc":{"start":{"line":96,"column":99},"end":{"line":100,"column":3}},"line":96},"7":{"name":"getTaxonomyFacet","decl":{"start":{"line":102,"column":51},"end":{"line":102,"column":67}},"loc":{"start":{"line":102,"column":71},"end":{"line":105,"column":3}},"line":102},"8":{"name":"getSerializeForm","decl":{"start":{"line":107,"column":51},"end":{"line":107,"column":67}},"loc":{"start":{"line":107,"column":71},"end":{"line":113,"column":3}},"line":107},"9":{"name":"(anonymous_9)","decl":{"start":{"line":109,"column":37},"end":{"line":109,"column":38}},"loc":{"start":{"line":109,"column":54},"end":{"line":111,"column":5}},"line":109},"10":{"name":"saveState","decl":{"start":{"line":115,"column":44},"end":{"line":115,"column":53}},"loc":{"start":{"line":115,"column":62},"end":{"line":121,"column":3}},"line":115},"11":{"name":"popState","decl":{"start":{"line":123,"column":43},"end":{"line":123,"column":51}},"loc":{"start":{"line":123,"column":60},"end":{"line":131,"column":3}},"line":123},"12":{"name":"formChange","decl":{"start":{"line":133,"column":45},"end":{"line":133,"column":55}},"loc":{"start":{"line":133,"column":60},"end":{"line":152,"column":3}},"line":133},"13":{"name":"(anonymous_13)","decl":{"start":{"line":143,"column":8},"end":{"line":143,"column":9}},"loc":{"start":{"line":143,"column":20},"end":{"line":149,"column":9}},"line":143},"14":{"name":"setRelevantResultCustomDimension","decl":{"start":{"line":154,"column":67},"end":{"line":154,"column":99}},"loc":{"start":{"line":154,"column":103},"end":{"line":158,"column":3}},"line":154},"15":{"name":"trackingInit","decl":{"start":{"line":160,"column":47},"end":{"line":160,"column":59}},"loc":{"start":{"line":160,"column":63},"end":{"line":164,"column":3}},"line":160},"16":{"name":"trackPageView","decl":{"start":{"line":166,"column":48},"end":{"line":166,"column":61}},"loc":{"start":{"line":166,"column":65},"end":{"line":170,"column":3}},"line":166},"17":{"name":"trackSpellingSuggestionsImpressions","decl":{"start":{"line":172,"column":70},"end":{"line":172,"column":105}},"loc":{"start":{"line":172,"column":121},"end":{"line":178,"column":3}},"line":172},"18":{"name":"indexTrackingData","decl":{"start":{"line":186,"column":52},"end":{"line":186,"column":69}},"loc":{"start":{"line":186,"column":73},"end":{"line":212,"column":3}},"line":186},"19":{"name":"(anonymous_19)","decl":{"start":{"line":189,"column":21},"end":{"line":189,"column":22}},"loc":{"start":{"line":189,"column":43},"end":{"line":199,"column":7}},"line":189},"20":{"name":"(anonymous_20)","decl":{"start":{"line":191,"column":24},"end":{"line":191,"column":25}},"loc":{"start":{"line":191,"column":49},"end":{"line":198,"column":9}},"line":191},"21":{"name":"fireTextAnalyticsEvent","decl":{"start":{"line":214,"column":57},"end":{"line":214,"column":79}},"loc":{"start":{"line":214,"column":88},"end":{"line":227,"column":3}},"line":214},"22":{"name":"cache","decl":{"start":{"line":229,"column":40},"end":{"line":229,"column":45}},"loc":{"start":{"line":229,"column":59},"end":{"line":235,"column":3}},"line":229},"23":{"name":"isNewState","decl":{"start":{"line":237,"column":45},"end":{"line":237,"column":55}},"loc":{"start":{"line":237,"column":59},"end":{"line":239,"column":3}},"line":237},"24":{"name":"updateTitle","decl":{"start":{"line":241,"column":46},"end":{"line":241,"column":57}},"loc":{"start":{"line":241,"column":61},"end":{"line":250,"column":3}},"line":241},"25":{"name":"updateResultsCountMeta","decl":{"start":{"line":252,"column":57},"end":{"line":252,"column":79}},"loc":{"start":{"line":252,"column":93},"end":{"line":255,"column":3}},"line":252},"26":{"name":"updateSortOptions","decl":{"start":{"line":257,"column":52},"end":{"line":257,"column":69}},"loc":{"start":{"line":257,"column":88},"end":{"line":261,"column":3}},"line":257},"27":{"name":"bindSortElements","decl":{"start":{"line":263,"column":51},"end":{"line":263,"column":67}},"loc":{"start":{"line":263,"column":71},"end":{"line":267,"column":3}},"line":263},"28":{"name":"currentKeywords","decl":{"start":{"line":269,"column":50},"end":{"line":269,"column":65}},"loc":{"start":{"line":269,"column":69},"end":{"line":271,"column":3}},"line":269},"29":{"name":"updateOrder","decl":{"start":{"line":273,"column":46},"end":{"line":273,"column":57}},"loc":{"start":{"line":273,"column":61},"end":{"line":292,"column":3}},"line":273},"30":{"name":"selectDefaultSortOption","decl":{"start":{"line":294,"column":58},"end":{"line":294,"column":81}},"loc":{"start":{"line":294,"column":85},"end":{"line":299,"column":3}},"line":294},"31":{"name":"selectRelevanceSortOption","decl":{"start":{"line":301,"column":60},"end":{"line":301,"column":85}},"loc":{"start":{"line":301,"column":89},"end":{"line":308,"column":3}},"line":301},"32":{"name":"updateResults","decl":{"start":{"line":310,"column":48},"end":{"line":310,"column":61}},"loc":{"start":{"line":310,"column":65},"end":{"line":331,"column":3}},"line":310},"33":{"name":"(anonymous_33)","decl":{"start":{"line":320,"column":14},"end":{"line":320,"column":15}},"loc":{"start":{"line":320,"column":34},"end":{"line":323,"column":7}},"line":320},"34":{"name":"(anonymous_34)","decl":{"start":{"line":323,"column":15},"end":{"line":323,"column":16}},"loc":{"start":{"line":323,"column":27},"end":{"line":325,"column":7}},"line":323},"35":{"name":"updateLinks","decl":{"start":{"line":333,"column":46},"end":{"line":333,"column":57}},"loc":{"start":{"line":333,"column":61},"end":{"line":342,"column":3}},"line":333},"36":{"name":"showLoadingIndicator","decl":{"start":{"line":344,"column":55},"end":{"line":344,"column":75}},"loc":{"start":{"line":344,"column":79},"end":{"line":346,"column":3}},"line":344},"37":{"name":"showErrorIndicator","decl":{"start":{"line":348,"column":53},"end":{"line":348,"column":71}},"loc":{"start":{"line":348,"column":75},"end":{"line":350,"column":3}},"line":348},"38":{"name":"updateElement","decl":{"start":{"line":352,"column":48},"end":{"line":352,"column":61}},"loc":{"start":{"line":352,"column":81},"end":{"line":354,"column":3}},"line":352},"39":{"name":"displayResults","decl":{"start":{"line":356,"column":49},"end":{"line":356,"column":63}},"loc":{"start":{"line":356,"column":82},"end":{"line":375,"column":3}},"line":356},"40":{"name":"restoreBooleans","decl":{"start":{"line":377,"column":50},"end":{"line":377,"column":65}},"loc":{"start":{"line":377,"column":69},"end":{"line":383,"column":3}},"line":377},"41":{"name":"(anonymous_41)","decl":{"start":{"line":379,"column":68},"end":{"line":379,"column":69}},"loc":{"start":{"line":379,"column":85},"end":{"line":382,"column":5}},"line":379},"42":{"name":"isBooleanSelected","decl":{"start":{"line":385,"column":52},"end":{"line":385,"column":69}},"loc":{"start":{"line":385,"column":84},"end":{"line":393,"column":3}},"line":385},"43":{"name":"restoreTextInputs","decl":{"start":{"line":395,"column":52},"end":{"line":395,"column":69}},"loc":{"start":{"line":395,"column":73},"end":{"line":401,"column":3}},"line":395},"44":{"name":"(anonymous_44)","decl":{"start":{"line":397,"column":73},"end":{"line":397,"column":74}},"loc":{"start":{"line":397,"column":90},"end":{"line":400,"column":5}},"line":397},"45":{"name":"getTextInputValue","decl":{"start":{"line":403,"column":52},"end":{"line":403,"column":69}},"loc":{"start":{"line":403,"column":84},"end":{"line":411,"column":3}},"line":403},"46":{"name":"(anonymous_46)","decl":{"start":{"line":413,"column":50},"end":{"line":413,"column":51}},"loc":{"start":{"line":413,"column":72},"end":{"line":418,"column":3}},"line":413},"47":{"name":"(anonymous_47)","decl":{"start":{"line":420,"column":49},"end":{"line":420,"column":50}},"loc":{"start":{"line":420,"column":70},"end":{"line":432,"column":3}},"line":420},"48":{"name":"(anonymous_48)","decl":{"start":{"line":434,"column":44},"end":{"line":434,"column":45}},"loc":{"start":{"line":434,"column":67},"end":{"line":450,"column":3}},"line":434},"49":{"name":"(anonymous_49)","decl":{"start":{"line":452,"column":44},"end":{"line":452,"column":45}},"loc":{"start":{"line":452,"column":67},"end":{"line":462,"column":3}},"line":452}},"branchMap":{"0":{"loc":{"start":{"line":5,"column":17},"end":{"line":5,"column":35}},"type":"binary-expr","locations":[{"start":{"line":5,"column":17},"end":{"line":5,"column":29}},{"start":{"line":5,"column":33},"end":{"line":5,"column":35}}],"line":5},"1":{"loc":{"start":{"line":28,"column":21},"end":{"line":28,"column":89}},"type":"binary-expr","locations":[{"start":{"line":28,"column":21},"end":{"line":28,"column":71}},{"start":{"line":28,"column":75},"end":{"line":28,"column":89}}],"line":28},"2":{"loc":{"start":{"line":39,"column":4},"end":{"line":43,"column":5}},"type":"if","locations":[{"start":{"line":39,"column":4},"end":{"line":43,"column":5}},{"start":{"line":39,"column":4},"end":{"line":43,"column":5}}],"line":39},"3":{"loc":{"start":{"line":56,"column":4},"end":{"line":93,"column":5}},"type":"if","locations":[{"start":{"line":56,"column":4},"end":{"line":93,"column":5}},{"start":{"line":56,"column":4},"end":{"line":93,"column":5}}],"line":56},"4":{"loc":{"start":{"line":77,"column":10},"end":{"line":84,"column":11}},"type":"if","locations":[{"start":{"line":77,"column":10},"end":{"line":84,"column":11}},{"start":{"line":77,"column":10},"end":{"line":84,"column":11}}],"line":77},"5":{"loc":{"start":{"line":77,"column":14},"end":{"line":77,"column":60}},"type":"binary-expr","locations":[{"start":{"line":77,"column":14},"end":{"line":77,"column":37}},{"start":{"line":77,"column":41},"end":{"line":77,"column":60}}],"line":77},"6":{"loc":{"start":{"line":78,"column":12},"end":{"line":80,"column":13}},"type":"if","locations":[{"start":{"line":78,"column":12},"end":{"line":80,"column":13}},{"start":{"line":78,"column":12},"end":{"line":80,"column":13}}],"line":78},"7":{"loc":{"start":{"line":78,"column":16},"end":{"line":78,"column":89}},"type":"binary-expr","locations":[{"start":{"line":78,"column":16},"end":{"line":78,"column":65}},{"start":{"line":78,"column":69},"end":{"line":78,"column":89}}],"line":78},"8":{"loc":{"start":{"line":99,"column":4},"end":{"line":99,"column":52}},"type":"if","locations":[{"start":{"line":99,"column":4},"end":{"line":99,"column":52}},{"start":{"line":99,"column":4},"end":{"line":99,"column":52}}],"line":99},"9":{"loc":{"start":{"line":103,"column":20},"end":{"line":103,"column":96}},"type":"binary-expr","locations":[{"start":{"line":103,"column":20},"end":{"line":103,"column":33}},{"start":{"line":103,"column":37},"end":{"line":103,"column":96}}],"line":103},"10":{"loc":{"start":{"line":110,"column":13},"end":{"line":110,"column":72}},"type":"binary-expr","locations":[{"start":{"line":110,"column":13},"end":{"line":110,"column":31}},{"start":{"line":110,"column":35},"end":{"line":110,"column":72}}],"line":110},"11":{"loc":{"start":{"line":116,"column":4},"end":{"line":118,"column":5}},"type":"if","locations":[{"start":{"line":116,"column":4},"end":{"line":118,"column":5}},{"start":{"line":116,"column":4},"end":{"line":118,"column":5}}],"line":116},"12":{"loc":{"start":{"line":124,"column":4},"end":{"line":130,"column":5}},"type":"if","locations":[{"start":{"line":124,"column":4},"end":{"line":130,"column":5}},{"start":{"line":124,"column":4},"end":{"line":130,"column":5}}],"line":124},"13":{"loc":{"start":{"line":135,"column":4},"end":{"line":151,"column":5}},"type":"if","locations":[{"start":{"line":135,"column":4},"end":{"line":151,"column":5}},{"start":{"line":135,"column":4},"end":{"line":151,"column":5}}],"line":135},"14":{"loc":{"start":{"line":156,"column":25},"end":{"line":156,"column":72}},"type":"cond-expr","locations":[{"start":{"line":156,"column":60},"end":{"line":156,"column":65}},{"start":{"line":156,"column":68},"end":{"line":156,"column":72}}],"line":156},"15":{"loc":{"start":{"line":176,"column":21},"end":{"line":176,"column":122}},"type":"cond-expr","locations":[{"start":{"line":176,"column":51},"end":{"line":176,"column":117}},{"start":{"line":176,"column":120},"end":{"line":176,"column":122}}],"line":176},"16":{"loc":{"start":{"line":188,"column":4},"end":{"line":200,"column":5}},"type":"if","locations":[{"start":{"line":188,"column":4},"end":{"line":200,"column":5}},{"start":{"line":188,"column":4},"end":{"line":200,"column":5}}],"line":188},"17":{"loc":{"start":{"line":203,"column":4},"end":{"line":211,"column":5}},"type":"if","locations":[{"start":{"line":203,"column":4},"end":{"line":211,"column":5}},{"start":{"line":203,"column":4},"end":{"line":211,"column":5}}],"line":203},"18":{"loc":{"start":{"line":206,"column":6},"end":{"line":210,"column":7}},"type":"if","locations":[{"start":{"line":206,"column":6},"end":{"line":210,"column":7}},{"start":{"line":206,"column":6},"end":{"line":210,"column":7}}],"line":206},"19":{"loc":{"start":{"line":230,"column":4},"end":{"line":234,"column":5}},"type":"if","locations":[{"start":{"line":230,"column":4},"end":{"line":234,"column":5}},{"start":{"line":230,"column":4},"end":{"line":234,"column":5}}],"line":230},"20":{"loc":{"start":{"line":245,"column":4},"end":{"line":249,"column":5}},"type":"if","locations":[{"start":{"line":245,"column":4},"end":{"line":249,"column":5}},{"start":{"line":245,"column":4},"end":{"line":249,"column":5}}],"line":245},"21":{"loc":{"start":{"line":258,"column":4},"end":{"line":258,"column":50}},"type":"if","locations":[{"start":{"line":258,"column":4},"end":{"line":258,"column":50}},{"start":{"line":258,"column":4},"end":{"line":258,"column":50}}],"line":258},"22":{"loc":{"start":{"line":274,"column":4},"end":{"line":276,"column":5}},"type":"if","locations":[{"start":{"line":274,"column":4},"end":{"line":276,"column":5}},{"start":{"line":274,"column":4},"end":{"line":276,"column":5}}],"line":274},"23":{"loc":{"start":{"line":283,"column":26},"end":{"line":283,"column":69}},"type":"binary-expr","locations":[{"start":{"line":283,"column":26},"end":{"line":283,"column":42}},{"start":{"line":283,"column":46},"end":{"line":283,"column":69}}],"line":283},"24":{"loc":{"start":{"line":285,"column":4},"end":{"line":287,"column":5}},"type":"if","locations":[{"start":{"line":285,"column":4},"end":{"line":287,"column":5}},{"start":{"line":285,"column":4},"end":{"line":287,"column":5}}],"line":285},"25":{"loc":{"start":{"line":285,"column":8},"end":{"line":285,"column":51}},"type":"binary-expr","locations":[{"start":{"line":285,"column":8},"end":{"line":285,"column":23}},{"start":{"line":285,"column":27},"end":{"line":285,"column":51}}],"line":285},"26":{"loc":{"start":{"line":289,"column":4},"end":{"line":291,"column":5}},"type":"if","locations":[{"start":{"line":289,"column":4},"end":{"line":291,"column":5}},{"start":{"line":289,"column":4},"end":{"line":291,"column":5}}],"line":289},"27":{"loc":{"start":{"line":303,"column":4},"end":{"line":307,"column":5}},"type":"if","locations":[{"start":{"line":303,"column":4},"end":{"line":307,"column":5}},{"start":{"line":303,"column":4},"end":{"line":307,"column":5}}],"line":303},"28":{"loc":{"start":{"line":314,"column":4},"end":{"line":330,"column":5}},"type":"if","locations":[{"start":{"line":314,"column":4},"end":{"line":330,"column":5}},{"start":{"line":314,"column":4},"end":{"line":330,"column":5}}],"line":314},"29":{"loc":{"start":{"line":335,"column":4},"end":{"line":337,"column":5}},"type":"if","locations":[{"start":{"line":335,"column":4},"end":{"line":337,"column":5}},{"start":{"line":335,"column":4},"end":{"line":337,"column":5}}],"line":335},"30":{"loc":{"start":{"line":335,"column":8},"end":{"line":335,"column":85}},"type":"binary-expr","locations":[{"start":{"line":335,"column":8},"end":{"line":335,"column":53}},{"start":{"line":335,"column":57},"end":{"line":335,"column":85}}],"line":335},"31":{"loc":{"start":{"line":338,"column":4},"end":{"line":341,"column":5}},"type":"if","locations":[{"start":{"line":338,"column":4},"end":{"line":341,"column":5}},{"start":{"line":338,"column":4},"end":{"line":341,"column":5}}],"line":338},"32":{"loc":{"start":{"line":338,"column":8},"end":{"line":338,"column":71}},"type":"binary-expr","locations":[{"start":{"line":338,"column":8},"end":{"line":338,"column":46}},{"start":{"line":338,"column":50},"end":{"line":338,"column":71}}],"line":338},"33":{"loc":{"start":{"line":359,"column":4},"end":{"line":374,"column":5}},"type":"if","locations":[{"start":{"line":359,"column":4},"end":{"line":374,"column":5}},{"start":{"line":359,"column":4},"end":{"line":374,"column":5}}],"line":359},"34":{"loc":{"start":{"line":388,"column":6},"end":{"line":390,"column":7}},"type":"if","locations":[{"start":{"line":388,"column":6},"end":{"line":390,"column":7}},{"start":{"line":388,"column":6},"end":{"line":390,"column":7}}],"line":388},"35":{"loc":{"start":{"line":388,"column":10},"end":{"line":388,"column":70}},"type":"binary-expr","locations":[{"start":{"line":388,"column":10},"end":{"line":388,"column":37}},{"start":{"line":388,"column":41},"end":{"line":388,"column":70}}],"line":388},"36":{"loc":{"start":{"line":406,"column":6},"end":{"line":408,"column":7}},"type":"if","locations":[{"start":{"line":406,"column":6},"end":{"line":408,"column":7}},{"start":{"line":406,"column":6},"end":{"line":408,"column":7}}],"line":406},"37":{"loc":{"start":{"line":415,"column":4},"end":{"line":417,"column":5}},"type":"if","locations":[{"start":{"line":415,"column":4},"end":{"line":417,"column":5}},{"start":{"line":415,"column":4},"end":{"line":417,"column":5}}],"line":415},"38":{"loc":{"start":{"line":421,"column":4},"end":{"line":421,"column":26}},"type":"if","locations":[{"start":{"line":421,"column":4},"end":{"line":421,"column":26}},{"start":{"line":421,"column":4},"end":{"line":421,"column":26}}],"line":421},"39":{"loc":{"start":{"line":429,"column":8},"end":{"line":429,"column":112}},"type":"cond-expr","locations":[{"start":{"line":429,"column":27},"end":{"line":429,"column":68}},{"start":{"line":429,"column":71},"end":{"line":429,"column":112}}],"line":429},"40":{"loc":{"start":{"line":443,"column":4},"end":{"line":448,"column":5}},"type":"if","locations":[{"start":{"line":443,"column":4},"end":{"line":448,"column":5}},{"start":{"line":443,"column":4},"end":{"line":448,"column":5}}],"line":443},"41":{"loc":{"start":{"line":456,"column":4},"end":{"line":461,"column":5}},"type":"if","locations":[{"start":{"line":456,"column":4},"end":{"line":461,"column":5}},{"start":{"line":456,"column":4},"end":{"line":461,"column":5}}],"line":456}},"s":{"0":1,"1":1,"2":1,"3":58,"4":58,"5":58,"6":58,"7":58,"8":58,"9":58,"10":58,"11":58,"12":58,"13":58,"14":58,"15":58,"16":58,"17":58,"18":58,"19":58,"20":58,"21":58,"22":58,"23":58,"24":58,"25":58,"26":58,"27":58,"28":58,"29":58,"30":58,"31":58,"32":58,"33":58,"34":0,"35":0,"36":58,"37":57,"38":57,"39":0,"40":57,"41":0,"42":57,"43":7,"44":7,"45":7,"46":4,"47":7,"48":7,"49":7,"50":57,"51":57,"52":1,"53":1,"54":1,"55":1,"56":1,"57":0,"58":1,"59":66,"60":66,"61":1,"62":80,"63":80,"64":329,"65":80,"66":1,"67":68,"68":67,"69":68,"70":68,"71":1,"72":1,"73":1,"74":1,"75":1,"76":1,"77":1,"78":1,"79":11,"80":8,"81":8,"82":8,"83":8,"84":8,"85":8,"86":8,"87":1,"88":1,"89":1,"90":1,"91":1,"92":1,"93":1,"94":1,"95":1,"96":1,"97":1,"98":1,"99":1,"100":1,"101":1,"102":1,"103":1,"104":1,"105":15,"106":15,"107":15,"108":15,"109":1,"110":58,"111":58,"112":1,"113":2,"114":2,"115":4,"116":4,"117":4,"118":4,"119":4,"120":4,"121":58,"122":58,"123":1,"124":1,"125":0,"126":0,"127":0,"128":1,"129":0,"130":0,"131":0,"132":0,"133":1,"134":14,"135":12,"136":2,"137":1,"138":13,"139":1,"140":8,"141":8,"142":8,"143":0,"144":8,"145":1,"146":16,"147":1,"148":17,"149":0,"150":17,"151":17,"152":1,"153":75,"154":75,"155":75,"156":1,"157":10,"158":1,"159":9,"160":9,"161":0,"162":0,"163":0,"164":0,"165":0,"166":0,"167":0,"168":0,"169":0,"170":1,"171":0,"172":0,"173":0,"174":1,"175":0,"176":0,"177":0,"178":0,"179":0,"180":1,"181":10,"182":10,"183":10,"184":10,"185":8,"186":8,"187":1,"188":1,"189":7,"190":2,"191":2,"192":2,"193":1,"194":9,"195":9,"196":9,"197":9,"198":9,"199":9,"200":1,"201":8,"202":1,"203":6,"204":1,"205":136,"206":1,"207":17,"208":16,"209":16,"210":16,"211":16,"212":16,"213":16,"214":16,"215":16,"216":16,"217":16,"218":16,"219":16,"220":16,"221":16,"222":1,"223":3,"224":3,"225":12,"226":12,"227":1,"228":12,"229":22,"230":7,"231":5,"232":1,"233":1,"234":1,"235":2,"236":2,"237":1,"238":12,"239":16,"240":1,"241":11,"242":1,"243":58,"244":58,"245":8,"246":1,"247":16,"248":8,"249":8,"250":8,"251":8,"252":16,"253":16,"254":1,"255":7,"256":7,"257":7,"258":1,"259":1,"260":1,"261":1,"262":7,"263":1,"264":7,"265":7,"266":1,"267":1,"268":1,"269":1,"270":1},"f":{"0":1,"1":58,"2":0,"3":0,"4":0,"5":7,"6":1,"7":66,"8":80,"9":329,"10":68,"11":1,"12":11,"13":1,"14":1,"15":1,"16":1,"17":15,"18":58,"19":2,"20":4,"21":0,"22":14,"23":13,"24":8,"25":16,"26":17,"27":75,"28":10,"29":9,"30":0,"31":0,"32":10,"33":1,"34":7,"35":9,"36":8,"37":6,"38":136,"39":17,"40":3,"41":12,"42":12,"43":1,"44":2,"45":12,"46":58,"47":16,"48":7,"49":7},"b":{"0":[1,0],"1":[58,0],"2":[58,0],"3":[57,1],"4":[7,0],"5":[7,5],"6":[4,3],"7":[7,5],"8":[0,1],"9":[66,58],"10":[329,233],"11":[67,1],"12":[1,0],"13":[8,3],"14":[0,1],"15":[1,14],"16":[1,57],"17":[1,57],"18":[0,1],"19":[12,2],"20":[0,8],"21":[0,17],"22":[9,0],"23":[0,0],"24":[0,0],"25":[0,0],"26":[0,0],"27":[0,0],"28":[8,2],"29":[9,0],"30":[9,9],"31":[9,0],"32":[9,9],"33":[16,1],"34":[7,15],"35":[22,12],"36":[1,15],"37":[8,50],"38":[8,8],"39":[8,8],"40":[1,6],"41":[1,6]},"_coverageSchema":"1a1c01bbd47fc00a2c39e90264f33305004495a9","hash":"6e5efd73dfb6a6a1ea5892fba5bb984563e780e3"},"/govuk/finder-frontend/app/assets/javascripts.bak/search-analytics.js":{"path":"/govuk/finder-frontend/app/assets/javascripts.bak/search-analytics.js","statementMap":{"0":{"start":{"line":1,"column":0},"end":{"line":27,"column":24}},"1":{"start":{"line":4,"column":2},"end":{"line":4,"column":35}},"2":{"start":{"line":7,"column":4},"end":{"line":7,"column":28}},"3":{"start":{"line":11,"column":2},"end":{"line":26,"column":3}},"4":{"start":{"line":13,"column":6},"end":{"line":13,"column":64}},"5":{"start":{"line":13,"column":56},"end":{"line":13,"column":62}},"6":{"start":{"line":14,"column":6},"end":{"line":14,"column":63}},"7":{"start":{"line":18,"column":6},"end":{"line":18,"column":67}},"8":{"start":{"line":18,"column":59},"end":{"line":18,"column":65}},"9":{"start":{"line":19,"column":6},"end":{"line":19,"column":66}},"10":{"start":{"line":23,"column":6},"end":{"line":23,"column":66}},"11":{"start":{"line":23,"column":58},"end":{"line":23,"column":64}},"12":{"start":{"line":24,"column":6},"end":{"line":24,"column":65}}},"fnMap":{"0":{"name":"(anonymous_0)","decl":{"start":{"line":1,"column":1},"end":{"line":1,"column":2}},"loc":{"start":{"line":1,"column":26},"end":{"line":27,"column":1}},"line":1},"1":{"name":"canTrack","decl":{"start":{"line":6,"column":11},"end":{"line":6,"column":19}},"loc":{"start":{"line":6,"column":23},"end":{"line":8,"column":3}},"line":6},"2":{"name":"trackEvent","decl":{"start":{"line":12,"column":25},"end":{"line":12,"column":35}},"loc":{"start":{"line":12,"column":39},"end":{"line":15,"column":5}},"line":12},"3":{"name":"trackPageview","decl":{"start":{"line":17,"column":28},"end":{"line":17,"column":41}},"loc":{"start":{"line":17,"column":45},"end":{"line":20,"column":5}},"line":17},"4":{"name":"setDimension","decl":{"start":{"line":22,"column":27},"end":{"line":22,"column":39}},"loc":{"start":{"line":22,"column":43},"end":{"line":25,"column":5}},"line":22}},"branchMap":{"0":{"loc":{"start":{"line":4,"column":17},"end":{"line":4,"column":35}},"type":"binary-expr","locations":[{"start":{"line":4,"column":17},"end":{"line":4,"column":29}},{"start":{"line":4,"column":33},"end":{"line":4,"column":35}}],"line":4},"1":{"loc":{"start":{"line":13,"column":6},"end":{"line":13,"column":64}},"type":"if","locations":[{"start":{"line":13,"column":6},"end":{"line":13,"column":64}},{"start":{"line":13,"column":6},"end":{"line":13,"column":64}}],"line":13},"2":{"loc":{"start":{"line":13,"column":10},"end":{"line":13,"column":52}},"type":"binary-expr","locations":[{"start":{"line":13,"column":10},"end":{"line":13,"column":21}},{"start":{"line":13,"column":25},"end":{"line":13,"column":52}}],"line":13},"3":{"loc":{"start":{"line":18,"column":6},"end":{"line":18,"column":67}},"type":"if","locations":[{"start":{"line":18,"column":6},"end":{"line":18,"column":67}},{"start":{"line":18,"column":6},"end":{"line":18,"column":67}}],"line":18},"4":{"loc":{"start":{"line":18,"column":10},"end":{"line":18,"column":55}},"type":"binary-expr","locations":[{"start":{"line":18,"column":10},"end":{"line":18,"column":21}},{"start":{"line":18,"column":25},"end":{"line":18,"column":55}}],"line":18},"5":{"loc":{"start":{"line":23,"column":6},"end":{"line":23,"column":66}},"type":"if","locations":[{"start":{"line":23,"column":6},"end":{"line":23,"column":66}},{"start":{"line":23,"column":6},"end":{"line":23,"column":66}}],"line":23},"6":{"loc":{"start":{"line":23,"column":10},"end":{"line":23,"column":54}},"type":"binary-expr","locations":[{"start":{"line":23,"column":10},"end":{"line":23,"column":21}},{"start":{"line":23,"column":25},"end":{"line":23,"column":54}}],"line":23}},"s":{"0":1,"1":1,"2":7,"3":1,"4":2,"5":1,"6":1,"7":2,"8":1,"9":1,"10":3,"11":2,"12":1},"f":{"0":1,"1":7,"2":2,"3":2,"4":3},"b":{"0":[1,0],"1":[1,1],"2":[2,1],"3":[1,1],"4":[2,1],"5":[2,1],"6":[3,1]},"_coverageSchema":"1a1c01bbd47fc00a2c39e90264f33305004495a9","hash":"22b2c90709e1764f059029c5a1f649de1400df59"},"/govuk/finder-frontend/app/assets/javascripts.bak/taxonomy-select.js":{"path":"/govuk/finder-frontend/app/assets/javascripts.bak/taxonomy-select.js","statementMap":{"0":{"start":{"line":7,"column":0},"end":{"line":75,"column":10}},"1":{"start":{"line":10,"column":2},"end":{"line":10,"column":35}},"2":{"start":{"line":11,"column":14},"end":{"line":11,"column":26}},"3":{"start":{"line":14,"column":4},"end":{"line":14,"column":26}},"4":{"start":{"line":15,"column":4},"end":{"line":15,"column":44}},"5":{"start":{"line":18,"column":2},"end":{"line":22,"column":3}},"6":{"start":{"line":19,"column":4},"end":{"line":19,"column":31}},"7":{"start":{"line":20,"column":4},"end":{"line":20,"column":29}},"8":{"start":{"line":21,"column":4},"end":{"line":21,"column":32}},"9":{"start":{"line":24,"column":2},"end":{"line":26,"column":3}},"10":{"start":{"line":25,"column":4},"end":{"line":25,"column":44}},"11":{"start":{"line":28,"column":2},"end":{"line":30,"column":3}},"12":{"start":{"line":29,"column":4},"end":{"line":29,"column":44}},"13":{"start":{"line":32,"column":2},"end":{"line":35,"column":3}},"14":{"start":{"line":33,"column":32},"end":{"line":33,"column":61}},"15":{"start":{"line":34,"column":4},"end":{"line":34,"column":61}},"16":{"start":{"line":37,"column":2},"end":{"line":47,"column":3}},"17":{"start":{"line":38,"column":17},"end":{"line":38,"column":58}},"18":{"start":{"line":40,"column":19},"end":{"line":40,"column":35}},"19":{"start":{"line":42,"column":4},"end":{"line":44,"column":6}},"20":{"start":{"line":43,"column":6},"end":{"line":43,"column":45}},"21":{"start":{"line":43,"column":27},"end":{"line":43,"column":43}},"22":{"start":{"line":46,"column":4},"end":{"line":46,"column":27}},"23":{"start":{"line":49,"column":2},"end":{"line":60,"column":3}},"24":{"start":{"line":50,"column":18},"end":{"line":50,"column":20}},"25":{"start":{"line":52,"column":4},"end":{"line":57,"column":6}},"26":{"start":{"line":53,"column":19},"end":{"line":53,"column":52}},"27":{"start":{"line":55,"column":6},"end":{"line":55,"column":45}},"28":{"start":{"line":56,"column":6},"end":{"line":56,"column":32}},"29":{"start":{"line":59,"column":4},"end":{"line":59,"column":18}},"30":{"start":{"line":62,"column":2},"end":{"line":72,"column":3}},"31":{"start":{"line":63,"column":19},"end":{"line":63,"column":53}},"32":{"start":{"line":65,"column":22},"end":{"line":65,"column":49}},"33":{"start":{"line":67,"column":29},"end":{"line":67,"column":91}},"34":{"start":{"line":69,"column":4},"end":{"line":71,"column":5}},"35":{"start":{"line":70,"column":6},"end":{"line":70,"column":30}},"36":{"start":{"line":74,"column":2},"end":{"line":74,"column":39}}},"fnMap":{"0":{"name":"(anonymous_0)","decl":{"start":{"line":7,"column":1},"end":{"line":7,"column":2}},"loc":{"start":{"line":7,"column":14},"end":{"line":75,"column":1}},"line":7},"1":{"name":"TaxonomySelect","decl":{"start":{"line":13,"column":11},"end":{"line":13,"column":25}},"loc":{"start":{"line":13,"column":36},"end":{"line":16,"column":3}},"line":13},"2":{"name":"updateTaxonomyFacet","decl":{"start":{"line":18,"column":45},"end":{"line":18,"column":64}},"loc":{"start":{"line":18,"column":68},"end":{"line":22,"column":3}},"line":18},"3":{"name":"$topLevelTaxon","decl":{"start":{"line":24,"column":53},"end":{"line":24,"column":67}},"loc":{"start":{"line":24,"column":71},"end":{"line":26,"column":3}},"line":24},"4":{"name":"$subTaxon","decl":{"start":{"line":28,"column":48},"end":{"line":28,"column":57}},"loc":{"start":{"line":28,"column":61},"end":{"line":30,"column":3}},"line":28},"5":{"name":"disableSubTaxonFacet","decl":{"start":{"line":32,"column":59},"end":{"line":32,"column":79}},"loc":{"start":{"line":32,"column":83},"end":{"line":35,"column":3}},"line":32},"6":{"name":"showRelevantSubTaxons","decl":{"start":{"line":37,"column":60},"end":{"line":37,"column":81}},"loc":{"start":{"line":37,"column":85},"end":{"line":47,"column":3}},"line":37},"7":{"name":"(anonymous_7)","decl":{"start":{"line":42,"column":33},"end":{"line":42,"column":34}},"loc":{"start":{"line":42,"column":45},"end":{"line":44,"column":5}},"line":42},"8":{"name":"instantiateOptions","decl":{"start":{"line":49,"column":57},"end":{"line":49,"column":75}},"loc":{"start":{"line":49,"column":79},"end":{"line":60,"column":3}},"line":49},"9":{"name":"(anonymous_9)","decl":{"start":{"line":52,"column":41},"end":{"line":52,"column":42}},"loc":{"start":{"line":52,"column":53},"end":{"line":57,"column":5}},"line":52},"10":{"name":"resetSubTaxonValue","decl":{"start":{"line":62,"column":57},"end":{"line":62,"column":75}},"loc":{"start":{"line":62,"column":79},"end":{"line":72,"column":3}},"line":62}},"branchMap":{"0":{"loc":{"start":{"line":10,"column":17},"end":{"line":10,"column":35}},"type":"binary-expr","locations":[{"start":{"line":10,"column":17},"end":{"line":10,"column":29}},{"start":{"line":10,"column":33},"end":{"line":10,"column":35}}],"line":10},"1":{"loc":{"start":{"line":43,"column":6},"end":{"line":43,"column":45}},"type":"if","locations":[{"start":{"line":43,"column":6},"end":{"line":43,"column":45}},{"start":{"line":43,"column":6},"end":{"line":43,"column":45}}],"line":43},"2":{"loc":{"start":{"line":55,"column":24},"end":{"line":55,"column":45}},"type":"binary-expr","locations":[{"start":{"line":55,"column":24},"end":{"line":55,"column":39}},{"start":{"line":55,"column":43},"end":{"line":55,"column":45}}],"line":55},"3":{"loc":{"start":{"line":67,"column":29},"end":{"line":67,"column":91}},"type":"binary-expr","locations":[{"start":{"line":67,"column":29},"end":{"line":67,"column":37}},{"start":{"line":67,"column":41},"end":{"line":67,"column":91}}],"line":67},"4":{"loc":{"start":{"line":69,"column":4},"end":{"line":71,"column":5}},"type":"if","locations":[{"start":{"line":69,"column":4},"end":{"line":71,"column":5}},{"start":{"line":69,"column":4},"end":{"line":71,"column":5}}],"line":69}},"s":{"0":1,"1":1,"2":1,"3":63,"4":63,"5":1,"6":66,"7":66,"8":66,"9":1,"10":212,"11":1,"12":282,"13":1,"14":68,"15":68,"16":1,"17":69,"18":69,"19":69,"20":12,"21":9,"22":69,"23":1,"24":63,"25":63,"26":30,"27":30,"28":30,"29":63,"30":1,"31":67,"32":67,"33":67,"34":67,"35":1,"36":1},"f":{"0":1,"1":63,"2":66,"3":212,"4":282,"5":68,"6":69,"7":12,"8":63,"9":30,"10":67},"b":{"0":[1,0],"1":[9,3],"2":[30,20],"3":[67,67],"4":[1,66]},"_coverageSchema":"1a1c01bbd47fc00a2c39e90264f33305004495a9","hash":"359bebbbf03103d71ea5c6905d14e7ef73f40020"},"/govuk/finder-frontend/app/assets/javascripts.bak/modules/enable-aria-controls.js":{"path":"/govuk/finder-frontend/app/assets/javascripts.bak/modules/enable-aria-controls.js","statementMap":{"0":{"start":{"line":3,"column":0},"end":{"line":3,"column":33}},"1":{"start":{"line":4,"column":0},"end":{"line":4,"column":50}},"2":{"start":{"line":6,"column":0},"end":{"line":21,"column":16}},"3":{"start":{"line":9,"column":2},"end":{"line":20,"column":3}},"4":{"start":{"line":10,"column":4},"end":{"line":19,"column":5}},"5":{"start":{"line":11,"column":6},"end":{"line":11,"column":67}},"6":{"start":{"line":14,"column":23},"end":{"line":14,"column":52}},"7":{"start":{"line":15,"column":8},"end":{"line":17,"column":9}},"8":{"start":{"line":16,"column":10},"end":{"line":16,"column":49}}},"fnMap":{"0":{"name":"(anonymous_0)","decl":{"start":{"line":6,"column":1},"end":{"line":6,"column":2}},"loc":{"start":{"line":6,"column":18},"end":{"line":21,"column":1}},"line":6},"1":{"name":"EnableAriaControls","decl":{"start":{"line":9,"column":46},"end":{"line":9,"column":64}},"loc":{"start":{"line":9,"column":68},"end":{"line":20,"column":3}},"line":9},"2":{"name":"(anonymous_2)","decl":{"start":{"line":10,"column":17},"end":{"line":10,"column":18}},"loc":{"start":{"line":10,"column":36},"end":{"line":19,"column":5}},"line":10},"3":{"name":"enableAriaControls","decl":{"start":{"line":13,"column":15},"end":{"line":13,"column":33}},"loc":{"start":{"line":13,"column":37},"end":{"line":18,"column":7}},"line":13}},"branchMap":{"0":{"loc":{"start":{"line":3,"column":15},"end":{"line":3,"column":33}},"type":"binary-expr","locations":[{"start":{"line":3,"column":15},"end":{"line":3,"column":27}},{"start":{"line":3,"column":31},"end":{"line":3,"column":33}}],"line":3},"1":{"loc":{"start":{"line":4,"column":23},"end":{"line":4,"column":49}},"type":"binary-expr","locations":[{"start":{"line":4,"column":23},"end":{"line":4,"column":43}},{"start":{"line":4,"column":47},"end":{"line":4,"column":49}}],"line":4},"2":{"loc":{"start":{"line":15,"column":8},"end":{"line":17,"column":9}},"type":"if","locations":[{"start":{"line":15,"column":8},"end":{"line":17,"column":9}},{"start":{"line":15,"column":8},"end":{"line":17,"column":9}}],"line":15},"3":{"loc":{"start":{"line":15,"column":12},"end":{"line":15,"column":72}},"type":"binary-expr","locations":[{"start":{"line":15,"column":12},"end":{"line":15,"column":40}},{"start":{"line":15,"column":44},"end":{"line":15,"column":72}}],"line":15}},"s":{"0":1,"1":1,"2":1,"3":1,"4":2,"5":2,"6":2,"7":2,"8":1},"f":{"0":1,"1":2,"2":2,"3":2},"b":{"0":[1,0],"1":[1,0],"2":[1,1],"3":[2,2]},"_coverageSchema":"1a1c01bbd47fc00a2c39e90264f33305004495a9","hash":"fa115de4969d89e5c87946fe8b95f229a803352e"},"/govuk/finder-frontend/app/assets/javascripts.bak/modules/mobile-filters-modal.js":{"path":"/govuk/finder-frontend/app/assets/javascripts.bak/modules/mobile-filters-modal.js","statementMap":{"0":{"start":{"line":2,"column":0},"end":{"line":2,"column":33}},"1":{"start":{"line":3,"column":0},"end":{"line":3,"column":50}},"2":{"start":{"line":5,"column":0},"end":{"line":143,"column":24}},"3":{"start":{"line":8,"column":2},"end":{"line":38,"column":3}},"4":{"start":{"line":9,"column":4},"end":{"line":9,"column":29}},"5":{"start":{"line":10,"column":4},"end":{"line":10,"column":64}},"6":{"start":{"line":11,"column":4},"end":{"line":11,"column":76}},"7":{"start":{"line":12,"column":4},"end":{"line":12,"column":76}},"8":{"start":{"line":13,"column":4},"end":{"line":13,"column":88}},"9":{"start":{"line":14,"column":4},"end":{"line":14,"column":47}},"10":{"start":{"line":16,"column":4},"end":{"line":16,"column":50}},"11":{"start":{"line":17,"column":4},"end":{"line":17,"column":52}},"12":{"start":{"line":18,"column":4},"end":{"line":18,"column":66}},"13":{"start":{"line":19,"column":4},"end":{"line":19,"column":62}},"14":{"start":{"line":20,"column":4},"end":{"line":20,"column":61}},"15":{"start":{"line":22,"column":26},"end":{"line":24,"column":5}},"16":{"start":{"line":25,"column":4},"end":{"line":27,"column":5}},"17":{"start":{"line":26,"column":6},"end":{"line":26,"column":66}},"18":{"start":{"line":29,"column":4},"end":{"line":33,"column":5}},"19":{"start":{"line":30,"column":6},"end":{"line":32,"column":7}},"20":{"start":{"line":30,"column":19},"end":{"line":30,"column":20}},"21":{"start":{"line":31,"column":8},"end":{"line":31,"column":76}},"22":{"start":{"line":35,"column":4},"end":{"line":37,"column":5}},"23":{"start":{"line":36,"column":6},"end":{"line":36,"column":84}},"24":{"start":{"line":40,"column":2},"end":{"line":55,"column":3}},"25":{"start":{"line":41,"column":4},"end":{"line":43,"column":5}},"26":{"start":{"line":42,"column":6},"end":{"line":42,"column":28}},"27":{"start":{"line":46,"column":4},"end":{"line":46,"column":54}},"28":{"start":{"line":47,"column":4},"end":{"line":47,"column":39}},"29":{"start":{"line":48,"column":4},"end":{"line":48,"column":59}},"30":{"start":{"line":49,"column":4},"end":{"line":49,"column":40}},"31":{"start":{"line":50,"column":4},"end":{"line":50,"column":52}},"32":{"start":{"line":51,"column":4},"end":{"line":51,"column":47}},"33":{"start":{"line":52,"column":4},"end":{"line":52,"column":27}},"34":{"start":{"line":54,"column":4},"end":{"line":54,"column":73}},"35":{"start":{"line":57,"column":2},"end":{"line":72,"column":3}},"36":{"start":{"line":58,"column":4},"end":{"line":60,"column":5}},"37":{"start":{"line":59,"column":6},"end":{"line":59,"column":28}},"38":{"start":{"line":62,"column":20},"end":{"line":62,"column":40}},"39":{"start":{"line":63,"column":4},"end":{"line":63,"column":34}},"40":{"start":{"line":64,"column":4},"end":{"line":64,"column":29}},"41":{"start":{"line":65,"column":4},"end":{"line":65,"column":55}},"42":{"start":{"line":66,"column":4},"end":{"line":66,"column":39}},"43":{"start":{"line":67,"column":4},"end":{"line":67,"column":49}},"44":{"start":{"line":68,"column":4},"end":{"line":68,"column":47}},"45":{"start":{"line":69,"column":4},"end":{"line":69,"column":42}},"46":{"start":{"line":71,"column":4},"end":{"line":71,"column":76}},"47":{"start":{"line":74,"column":2},"end":{"line":76,"column":3}},"48":{"start":{"line":75,"column":4},"end":{"line":75,"column":27}},"49":{"start":{"line":80,"column":2},"end":{"line":104,"column":3}},"50":{"start":{"line":81,"column":18},"end":{"line":81,"column":19}},"51":{"start":{"line":82,"column":18},"end":{"line":82,"column":20}},"52":{"start":{"line":84,"column":4},"end":{"line":103,"column":5}},"53":{"start":{"line":86,"column":8},"end":{"line":96,"column":9}},"54":{"start":{"line":87,"column":10},"end":{"line":90,"column":11}},"55":{"start":{"line":88,"column":12},"end":{"line":88,"column":34}},"56":{"start":{"line":89,"column":12},"end":{"line":89,"column":43}},"57":{"start":{"line":92,"column":10},"end":{"line":95,"column":11}},"58":{"start":{"line":93,"column":12},"end":{"line":93,"column":34}},"59":{"start":{"line":94,"column":12},"end":{"line":94,"column":35}},"60":{"start":{"line":97,"column":8},"end":{"line":97,"column":13}},"61":{"start":{"line":99,"column":8},"end":{"line":99,"column":28}},"62":{"start":{"line":100,"column":8},"end":{"line":100,"column":13}},"63":{"start":{"line":102,"column":8},"end":{"line":102,"column":13}},"64":{"start":{"line":106,"column":2},"end":{"line":140,"column":3}},"65":{"start":{"line":107,"column":4},"end":{"line":109,"column":5}},"66":{"start":{"line":108,"column":6},"end":{"line":108,"column":28}},"67":{"start":{"line":112,"column":20},"end":{"line":112,"column":88}},"68":{"start":{"line":113,"column":16},"end":{"line":113,"column":62}},"69":{"start":{"line":114,"column":22},"end":{"line":114,"column":56}},"70":{"start":{"line":115,"column":4},"end":{"line":115,"column":58}},"71":{"start":{"line":116,"column":4},"end":{"line":136,"column":5}},"72":{"start":{"line":116,"column":17},"end":{"line":116,"column":18}},"73":{"start":{"line":117,"column":16},"end":{"line":117,"column":28}},"74":{"start":{"line":118,"column":20},"end":{"line":118,"column":31}},"75":{"start":{"line":119,"column":6},"end":{"line":135,"column":7}},"76":{"start":{"line":121,"column":10},"end":{"line":125,"column":11}},"77":{"start":{"line":122,"column":12},"end":{"line":122,"column":31}},"78":{"start":{"line":123,"column":17},"end":{"line":125,"column":11}},"79":{"start":{"line":124,"column":12},"end":{"line":124,"column":26}},"80":{"start":{"line":126,"column":10},"end":{"line":126,"column":15}},"81":{"start":{"line":128,"column":10},"end":{"line":128,"column":24}},"82":{"start":{"line":129,"column":10},"end":{"line":129,"column":15}},"83":{"start":{"line":131,"column":10},"end":{"line":131,"column":41}},"84":{"start":{"line":132,"column":10},"end":{"line":132,"column":15}},"85":{"start":{"line":134,"column":10},"end":{"line":134,"column":15}},"86":{"start":{"line":139,"column":4},"end":{"line":139,"column":36}},"87":{"start":{"line":142,"column":2},"end":{"line":142,"column":49}}},"fnMap":{"0":{"name":"(anonymous_0)","decl":{"start":{"line":5,"column":1},"end":{"line":5,"column":2}},"loc":{"start":{"line":5,"column":20},"end":{"line":143,"column":1}},"line":5},"1":{"name":"MobileFiltersModal","decl":{"start":{"line":6,"column":11},"end":{"line":6,"column":29}},"loc":{"start":{"line":6,"column":33},"end":{"line":6,"column":36}},"line":6},"2":{"name":"(anonymous_2)","decl":{"start":{"line":8,"column":39},"end":{"line":8,"column":40}},"loc":{"start":{"line":8,"column":58},"end":{"line":38,"column":3}},"line":8},"3":{"name":"(anonymous_3)","decl":{"start":{"line":40,"column":44},"end":{"line":40,"column":45}},"loc":{"start":{"line":40,"column":61},"end":{"line":55,"column":3}},"line":40},"4":{"name":"(anonymous_4)","decl":{"start":{"line":57,"column":45},"end":{"line":57,"column":46}},"loc":{"start":{"line":57,"column":62},"end":{"line":72,"column":3}},"line":57},"5":{"name":"(anonymous_5)","decl":{"start":{"line":74,"column":50},"end":{"line":74,"column":51}},"loc":{"start":{"line":74,"column":62},"end":{"line":76,"column":3}},"line":74},"6":{"name":"(anonymous_6)","decl":{"start":{"line":80,"column":47},"end":{"line":80,"column":48}},"loc":{"start":{"line":80,"column":64},"end":{"line":104,"column":3}},"line":80},"7":{"name":"(anonymous_7)","decl":{"start":{"line":106,"column":52},"end":{"line":106,"column":53}},"loc":{"start":{"line":106,"column":69},"end":{"line":140,"column":3}},"line":106}},"branchMap":{"0":{"loc":{"start":{"line":2,"column":15},"end":{"line":2,"column":33}},"type":"binary-expr","locations":[{"start":{"line":2,"column":15},"end":{"line":2,"column":27}},{"start":{"line":2,"column":31},"end":{"line":2,"column":33}}],"line":2},"1":{"loc":{"start":{"line":3,"column":23},"end":{"line":3,"column":49}},"type":"binary-expr","locations":[{"start":{"line":3,"column":23},"end":{"line":3,"column":43}},{"start":{"line":3,"column":47},"end":{"line":3,"column":49}}],"line":3},"2":{"loc":{"start":{"line":25,"column":4},"end":{"line":27,"column":5}},"type":"if","locations":[{"start":{"line":25,"column":4},"end":{"line":27,"column":5}},{"start":{"line":25,"column":4},"end":{"line":27,"column":5}}],"line":25},"3":{"loc":{"start":{"line":29,"column":4},"end":{"line":33,"column":5}},"type":"if","locations":[{"start":{"line":29,"column":4},"end":{"line":33,"column":5}},{"start":{"line":29,"column":4},"end":{"line":33,"column":5}}],"line":29},"4":{"loc":{"start":{"line":35,"column":4},"end":{"line":37,"column":5}},"type":"if","locations":[{"start":{"line":35,"column":4},"end":{"line":37,"column":5}},{"start":{"line":35,"column":4},"end":{"line":37,"column":5}}],"line":35},"5":{"loc":{"start":{"line":41,"column":4},"end":{"line":43,"column":5}},"type":"if","locations":[{"start":{"line":41,"column":4},"end":{"line":43,"column":5}},{"start":{"line":41,"column":4},"end":{"line":43,"column":5}}],"line":41},"6":{"loc":{"start":{"line":58,"column":4},"end":{"line":60,"column":5}},"type":"if","locations":[{"start":{"line":58,"column":4},"end":{"line":60,"column":5}},{"start":{"line":58,"column":4},"end":{"line":60,"column":5}}],"line":58},"7":{"loc":{"start":{"line":65,"column":32},"end":{"line":65,"column":48}},"type":"binary-expr","locations":[{"start":{"line":65,"column":32},"end":{"line":65,"column":41}},{"start":{"line":65,"column":45},"end":{"line":65,"column":48}}],"line":65},"8":{"loc":{"start":{"line":84,"column":4},"end":{"line":103,"column":5}},"type":"switch","locations":[{"start":{"line":85,"column":6},"end":{"line":97,"column":13}},{"start":{"line":98,"column":6},"end":{"line":100,"column":13}},{"start":{"line":101,"column":6},"end":{"line":102,"column":13}}],"line":84},"9":{"loc":{"start":{"line":86,"column":8},"end":{"line":96,"column":9}},"type":"if","locations":[{"start":{"line":86,"column":8},"end":{"line":96,"column":9}},{"start":{"line":86,"column":8},"end":{"line":96,"column":9}}],"line":86},"10":{"loc":{"start":{"line":87,"column":10},"end":{"line":90,"column":11}},"type":"if","locations":[{"start":{"line":87,"column":10},"end":{"line":90,"column":11}},{"start":{"line":87,"column":10},"end":{"line":90,"column":11}}],"line":87},"11":{"loc":{"start":{"line":92,"column":10},"end":{"line":95,"column":11}},"type":"if","locations":[{"start":{"line":92,"column":10},"end":{"line":95,"column":11}},{"start":{"line":92,"column":10},"end":{"line":95,"column":11}}],"line":92},"12":{"loc":{"start":{"line":107,"column":4},"end":{"line":109,"column":5}},"type":"if","locations":[{"start":{"line":107,"column":4},"end":{"line":109,"column":5}},{"start":{"line":107,"column":4},"end":{"line":109,"column":5}}],"line":107},"13":{"loc":{"start":{"line":119,"column":6},"end":{"line":135,"column":7}},"type":"switch","locations":[{"start":{"line":120,"column":8},"end":{"line":126,"column":15}},{"start":{"line":127,"column":8},"end":{"line":129,"column":15}},{"start":{"line":130,"column":8},"end":{"line":132,"column":15}},{"start":{"line":133,"column":8},"end":{"line":134,"column":15}}],"line":119},"14":{"loc":{"start":{"line":121,"column":10},"end":{"line":125,"column":11}},"type":"if","locations":[{"start":{"line":121,"column":10},"end":{"line":125,"column":11}},{"start":{"line":121,"column":10},"end":{"line":125,"column":11}}],"line":121},"15":{"loc":{"start":{"line":121,"column":14},"end":{"line":121,"column":61}},"type":"binary-expr","locations":[{"start":{"line":121,"column":14},"end":{"line":121,"column":37}},{"start":{"line":121,"column":41},"end":{"line":121,"column":61}}],"line":121},"16":{"loc":{"start":{"line":123,"column":17},"end":{"line":125,"column":11}},"type":"if","locations":[{"start":{"line":123,"column":17},"end":{"line":125,"column":11}},{"start":{"line":123,"column":17},"end":{"line":125,"column":11}}],"line":123},"17":{"loc":{"start":{"line":123,"column":21},"end":{"line":123,"column":60}},"type":"binary-expr","locations":[{"start":{"line":123,"column":21},"end":{"line":123,"column":40}},{"start":{"line":123,"column":44},"end":{"line":123,"column":60}}],"line":123}},"s":{"0":1,"1":1,"2":1,"3":1,"4":6,"5":6,"6":6,"7":6,"8":6,"9":6,"10":6,"11":6,"12":6,"13":6,"14":6,"15":6,"16":6,"17":6,"18":6,"19":6,"20":6,"21":12,"22":6,"23":6,"24":1,"25":5,"26":2,"27":5,"28":5,"29":5,"30":5,"31":5,"32":5,"33":5,"34":5,"35":1,"36":6,"37":3,"38":6,"39":6,"40":6,"41":6,"42":6,"43":6,"44":6,"45":6,"46":6,"47":1,"48":0,"49":1,"50":0,"51":0,"52":0,"53":0,"54":0,"55":0,"56":0,"57":0,"58":0,"59":0,"60":0,"61":0,"62":0,"63":0,"64":1,"65":1,"66":0,"67":1,"68":1,"69":1,"70":1,"71":1,"72":1,"73":5,"74":5,"75":5,"76":4,"77":1,"78":3,"79":1,"80":4,"81":1,"82":1,"83":0,"84":0,"85":0,"86":1,"87":1},"f":{"0":1,"1":6,"2":6,"3":5,"4":6,"5":0,"6":0,"7":1},"b":{"0":[1,0],"1":[1,0],"2":[6,0],"3":[6,0],"4":[6,0],"5":[2,3],"6":[3,3],"7":[6,1],"8":[0,0,0],"9":[0,0],"10":[0,0],"11":[0,0],"12":[0,1],"13":[4,1,0,0],"14":[1,3],"15":[4,2],"16":[1,2],"17":[3,2]},"_coverageSchema":"1a1c01bbd47fc00a2c39e90264f33305004495a9","hash":"954ae90bf1c92a5c5290852edcc829ea139e2969"},"/govuk/finder-frontend/app/assets/javascripts.bak/modules/remove-filter.js":{"path":"/govuk/finder-frontend/app/assets/javascripts.bak/modules/remove-filter.js","statementMap":{"0":{"start":{"line":3,"column":0},"end":{"line":3,"column":33}},"1":{"start":{"line":4,"column":0},"end":{"line":4,"column":50}},"2":{"start":{"line":6,"column":0},"end":{"line":98,"column":24}},"3":{"start":{"line":9,"column":2},"end":{"line":97,"column":3}},"4":{"start":{"line":10,"column":36},"end":{"line":13,"column":5}},"5":{"start":{"line":15,"column":4},"end":{"line":17,"column":5}},"6":{"start":{"line":16,"column":6},"end":{"line":16,"column":80}},"7":{"start":{"line":20,"column":6},"end":{"line":20,"column":24}},"8":{"start":{"line":21,"column":6},"end":{"line":21,"column":25}},"9":{"start":{"line":22,"column":16},"end":{"line":22,"column":27}},"10":{"start":{"line":24,"column":29},"end":{"line":24,"column":45}},"11":{"start":{"line":25,"column":30},"end":{"line":25,"column":47}},"12":{"start":{"line":26,"column":30},"end":{"line":26,"column":53}},"13":{"start":{"line":27,"column":30},"end":{"line":27,"column":47}},"14":{"start":{"line":29,"column":19},"end":{"line":29,"column":83}},"15":{"start":{"line":30,"column":6},"end":{"line":30,"column":70}},"16":{"start":{"line":31,"column":6},"end":{"line":31,"column":62}},"17":{"start":{"line":35,"column":24},"end":{"line":35,"column":46}},"18":{"start":{"line":36,"column":22},"end":{"line":36,"column":41}},"19":{"start":{"line":37,"column":23},"end":{"line":37,"column":35}},"20":{"start":{"line":39,"column":6},"end":{"line":66,"column":7}},"21":{"start":{"line":40,"column":8},"end":{"line":40,"column":37}},"22":{"start":{"line":41,"column":8},"end":{"line":41,"column":49}},"23":{"start":{"line":42,"column":13},"end":{"line":66,"column":7}},"24":{"start":{"line":59,"column":23},"end":{"line":59,"column":52}},"25":{"start":{"line":60,"column":21},"end":{"line":60,"column":77}},"26":{"start":{"line":61,"column":21},"end":{"line":61,"column":79}},"27":{"start":{"line":63,"column":8},"end":{"line":63,"column":61}},"28":{"start":{"line":64,"column":13},"end":{"line":66,"column":7}},"29":{"start":{"line":65,"column":8},"end":{"line":65,"column":77}},"30":{"start":{"line":70,"column":21},"end":{"line":70,"column":124}},"31":{"start":{"line":72,"column":6},"end":{"line":72,"column":54}},"32":{"start":{"line":76,"column":21},"end":{"line":76,"column":38}},"33":{"start":{"line":77,"column":19},"end":{"line":77,"column":30}},"34":{"start":{"line":78,"column":18},"end":{"line":78,"column":29}},"35":{"start":{"line":80,"column":6},"end":{"line":84,"column":7}},"36":{"start":{"line":86,"column":6},"end":{"line":90,"column":7}},"37":{"start":{"line":94,"column":6},"end":{"line":95,"column":32}}},"fnMap":{"0":{"name":"(anonymous_0)","decl":{"start":{"line":6,"column":1},"end":{"line":6,"column":2}},"loc":{"start":{"line":6,"column":26},"end":{"line":98,"column":1}},"line":6},"1":{"name":"RemoveFilter","decl":{"start":{"line":9,"column":40},"end":{"line":9,"column":52}},"loc":{"start":{"line":9,"column":56},"end":{"line":97,"column":3}},"line":9},"2":{"name":"(anonymous_2)","decl":{"start":{"line":15,"column":17},"end":{"line":15,"column":18}},"loc":{"start":{"line":15,"column":36},"end":{"line":17,"column":5}},"line":15},"3":{"name":"toggleFilter","decl":{"start":{"line":19,"column":13},"end":{"line":19,"column":25}},"loc":{"start":{"line":19,"column":30},"end":{"line":32,"column":5}},"line":19},"4":{"name":"clearFacet","decl":{"start":{"line":34,"column":13},"end":{"line":34,"column":23}},"loc":{"start":{"line":34,"column":71},"end":{"line":67,"column":5}},"line":34},"5":{"name":"getInput","decl":{"start":{"line":69,"column":13},"end":{"line":69,"column":21}},"loc":{"start":{"line":69,"column":79},"end":{"line":73,"column":5}},"line":69},"6":{"name":"fireRemoveTagTrackingEvent","decl":{"start":{"line":75,"column":13},"end":{"line":75,"column":39}},"loc":{"start":{"line":75,"column":67},"end":{"line":91,"column":5}},"line":75},"7":{"name":"decodeEntities","decl":{"start":{"line":93,"column":13},"end":{"line":93,"column":27}},"loc":{"start":{"line":93,"column":37},"end":{"line":96,"column":5}},"line":93}},"branchMap":{"0":{"loc":{"start":{"line":3,"column":15},"end":{"line":3,"column":33}},"type":"binary-expr","locations":[{"start":{"line":3,"column":15},"end":{"line":3,"column":27}},{"start":{"line":3,"column":31},"end":{"line":3,"column":33}}],"line":3},"1":{"loc":{"start":{"line":4,"column":23},"end":{"line":4,"column":49}},"type":"binary-expr","locations":[{"start":{"line":4,"column":23},"end":{"line":4,"column":43}},{"start":{"line":4,"column":47},"end":{"line":4,"column":49}}],"line":4},"2":{"loc":{"start":{"line":39,"column":6},"end":{"line":66,"column":7}},"type":"if","locations":[{"start":{"line":39,"column":6},"end":{"line":66,"column":7}},{"start":{"line":39,"column":6},"end":{"line":66,"column":7}}],"line":39},"3":{"loc":{"start":{"line":42,"column":13},"end":{"line":66,"column":7}},"type":"if","locations":[{"start":{"line":42,"column":13},"end":{"line":66,"column":7}},{"start":{"line":42,"column":13},"end":{"line":66,"column":7}}],"line":42},"4":{"loc":{"start":{"line":42,"column":17},"end":{"line":42,"column":63}},"type":"binary-expr","locations":[{"start":{"line":42,"column":17},"end":{"line":42,"column":37}},{"start":{"line":42,"column":41},"end":{"line":42,"column":63}}],"line":42},"5":{"loc":{"start":{"line":64,"column":13},"end":{"line":66,"column":7}},"type":"if","locations":[{"start":{"line":64,"column":13},"end":{"line":66,"column":7}},{"start":{"line":64,"column":13},"end":{"line":66,"column":7}}],"line":64},"6":{"loc":{"start":{"line":70,"column":21},"end":{"line":70,"column":124}},"type":"cond-expr","locations":[{"start":{"line":70,"column":42},"end":{"line":70,"column":83}},{"start":{"line":70,"column":86},"end":{"line":70,"column":124}}],"line":70}},"s":{"0":1,"1":1,"2":1,"3":1,"4":8,"5":8,"6":9,"7":10,"8":10,"9":10,"10":10,"11":10,"12":10,"13":10,"14":10,"15":10,"16":10,"17":10,"18":10,"19":10,"20":10,"21":1,"22":1,"23":9,"24":4,"25":4,"26":4,"27":4,"28":5,"29":1,"30":10,"31":10,"32":10,"33":10,"34":10,"35":10,"36":10,"37":4},"f":{"0":1,"1":8,"2":9,"3":10,"4":10,"5":10,"6":10,"7":4},"b":{"0":[1,0],"1":[1,0],"2":[1,9],"3":[4,5],"4":[9,5],"5":[1,4],"6":[4,6]},"_coverageSchema":"1a1c01bbd47fc00a2c39e90264f33305004495a9","hash":"f4fd3501bf9a1acf46fb26af4970262f4663cb63"},"/govuk/finder-frontend/app/assets/javascripts.bak/modules/track-brexit-qa-choices.js":{"path":"/govuk/finder-frontend/app/assets/javascripts.bak/modules/track-brexit-qa-choices.js","statementMap":{"0":{"start":{"line":1,"column":0},"end":{"line":1,"column":33}},"1":{"start":{"line":2,"column":0},"end":{"line":2,"column":50}},"2":{"start":{"line":4,"column":0},"end":{"line":43,"column":24}},"3":{"start":{"line":7,"column":10},"end":{"line":7,"column":23}},"4":{"start":{"line":9,"column":2},"end":{"line":42,"column":3}},"5":{"start":{"line":10,"column":4},"end":{"line":12,"column":5}},"6":{"start":{"line":11,"column":6},"end":{"line":11,"column":20}},"7":{"start":{"line":15,"column":6},"end":{"line":40,"column":8}},"8":{"start":{"line":17,"column":29},"end":{"line":17,"column":44}},"9":{"start":{"line":18,"column":30},"end":{"line":18,"column":66}},"10":{"start":{"line":19,"column":26},"end":{"line":19,"column":61}},"11":{"start":{"line":21,"column":8},"end":{"line":39,"column":9}},"12":{"start":{"line":22,"column":10},"end":{"line":33,"column":12}},"13":{"start":{"line":23,"column":12},"end":{"line":23,"column":36}},"14":{"start":{"line":24,"column":34},"end":{"line":24,"column":59}},"15":{"start":{"line":25,"column":37},"end":{"line":25,"column":110}},"16":{"start":{"line":26,"column":12},"end":{"line":28,"column":36}},"17":{"start":{"line":30,"column":12},"end":{"line":30,"column":64}},"18":{"start":{"line":32,"column":12},"end":{"line":32,"column":87}},"19":{"start":{"line":36,"column":10},"end":{"line":36,"column":63}},"20":{"start":{"line":38,"column":10},"end":{"line":38,"column":85}}},"fnMap":{"0":{"name":"(anonymous_0)","decl":{"start":{"line":4,"column":1},"end":{"line":4,"column":2}},"loc":{"start":{"line":4,"column":26},"end":{"line":43,"column":1}},"line":4},"1":{"name":"(anonymous_1)","decl":{"start":{"line":9,"column":39},"end":{"line":9,"column":40}},"loc":{"start":{"line":9,"column":51},"end":{"line":42,"column":3}},"line":9},"2":{"name":"(anonymous_2)","decl":{"start":{"line":10,"column":17},"end":{"line":10,"column":18}},"loc":{"start":{"line":10,"column":36},"end":{"line":12,"column":5}},"line":10},"3":{"name":"track","decl":{"start":{"line":14,"column":13},"end":{"line":14,"column":18}},"loc":{"start":{"line":14,"column":29},"end":{"line":41,"column":5}},"line":14},"4":{"name":"(anonymous_4)","decl":{"start":{"line":15,"column":27},"end":{"line":15,"column":28}},"loc":{"start":{"line":15,"column":44},"end":{"line":40,"column":7}},"line":15},"5":{"name":"(anonymous_5)","decl":{"start":{"line":22,"column":31},"end":{"line":22,"column":32}},"loc":{"start":{"line":22,"column":48},"end":{"line":33,"column":11}},"line":22}},"branchMap":{"0":{"loc":{"start":{"line":1,"column":15},"end":{"line":1,"column":33}},"type":"binary-expr","locations":[{"start":{"line":1,"column":15},"end":{"line":1,"column":27}},{"start":{"line":1,"column":31},"end":{"line":1,"column":33}}],"line":1},"1":{"loc":{"start":{"line":2,"column":23},"end":{"line":2,"column":49}},"type":"binary-expr","locations":[{"start":{"line":2,"column":23},"end":{"line":2,"column":43}},{"start":{"line":2,"column":47},"end":{"line":2,"column":49}}],"line":2},"2":{"loc":{"start":{"line":21,"column":8},"end":{"line":39,"column":9}},"type":"if","locations":[{"start":{"line":21,"column":8},"end":{"line":39,"column":9}},{"start":{"line":21,"column":8},"end":{"line":39,"column":9}}],"line":21},"3":{"loc":{"start":{"line":26,"column":25},"end":{"line":28,"column":36}},"type":"cond-expr","locations":[{"start":{"line":27,"column":16},"end":{"line":27,"column":34}}
[...]
":81,"column":3}},"4":{"start":{"line":13,"column":4},"end":{"line":13,"column":32}},"5":{"start":{"line":14,"column":4},"end":{"line":14,"column":69}},"6":{"start":{"line":15,"column":4},"end":{"line":15,"column":77}},"7":{"start":{"line":16,"column":4},"end":{"line":16,"column":79}},"8":{"start":{"line":17,"column":4},"end":{"line":17,"column":80}},"9":{"start":{"line":18,"column":4},"end":{"line":18,"column":68}},"10":{"start":{"line":19,"column":4},"end":{"line":19,"column":31}},"11":{"start":{"line":21,"column":4},"end":{"line":57,"column":5}},"12":{"start":{"line":22,"column":21},"end":{"line":22,"column":50}},"13":{"start":{"line":23,"column":6},"end":{"line":23,"column":41}},"14":{"start":{"line":25,"column":6},"end":{"line":27,"column":45}},"15":{"start":{"line":29,"column":6},"end":{"line":29,"column":82}},"16":{"start":{"line":30,"column":6},"end":{"line":30,"column":72}},"17":{"start":{"line":31,"column":6},"end":{"line":31,"column":68}},"18":{"start":{"line":32,"column":6},"end":{"line":32,"column":72}},"19":{"start":{"line":33,"column":6},"end":{"line":33,"column":72}},"20":{"start":{"line":34,"column":6},"end":{"line":34,"column":30}},"21":{"start":{"line":35,"column":6},"end":{"line":35,"column":28}},"22":{"start":{"line":36,"column":17},"end":{"line":36,"column":21}},"23":{"start":{"line":38,"column":6},"end":{"line":38,"column":36}},"24":{"start":{"line":39,"column":6},"end":{"line":41,"column":8}},"25":{"start":{"line":40,"column":8},"end":{"line":40,"column":66}},"26":{"start":{"line":43,"column":6},"end":{"line":56,"column":8}},"27":{"start":{"line":44,"column":8},"end":{"line":44,"column":27}},"28":{"start":{"line":45,"column":24},"end":{"line":45,"column":26}},"29":{"start":{"line":47,"column":8},"end":{"line":55,"column":9}},"30":{"start":{"line":48,"column":10},"end":{"line":48,"column":42}},"31":{"start":{"line":49,"column":10},"end":{"line":52,"column":11}},"32":{"start":{"line":50,"column":26},"end":{"line":50,"column":45}},"33":{"start":{"line":54,"column":10},"end":{"line":54,"column":28}},"34":{"start":{"line":60,"column":4},"end":{"line":60,"column":97}},"35":{"start":{"line":63,"column":4},"end":{"line":63,"column":39}},"36":{"start":{"line":66,"column":4},"end":{"line":66,"column":49}},"37":{"start":{"line":69,"column":4},"end":{"line":69,"column":99}},"38":{"start":{"line":71,"column":4},"end":{"line":75,"column":5}},"39":{"start":{"line":72,"column":6},"end":{"line":72,"column":18}},"40":{"start":{"line":74,"column":6},"end":{"line":74,"column":24}},"41":{"start":{"line":77,"column":24},"end":{"line":77,"column":44}},"42":{"start":{"line":78,"column":4},"end":{"line":80,"column":5}},"43":{"start":{"line":79,"column":6},"end":{"line":79,"column":46}},"44":{"start":{"line":83,"column":2},"end":{"line":88,"column":3}},"45":{"start":{"line":84,"column":4},"end":{"line":84,"column":36}},"46":{"start":{"line":85,"column":4},"end":{"line":85,"column":40}},"47":{"start":{"line":86,"column":4},"end":{"line":86,"column":54}},"48":{"start":{"line":87,"column":4},"end":{"line":87,"column":59}},"49":{"start":{"line":90,"column":2},"end":{"line":99,"column":3}},"50":{"start":{"line":91,"column":4},"end":{"line":91,"column":31}},"51":{"start":{"line":92,"column":15},"end":{"line":92,"column":19}},"52":{"start":{"line":94,"column":4},"end":{"line":98,"column":6}},"53":{"start":{"line":95,"column":6},"end":{"line":97,"column":7}},"54":{"start":{"line":96,"column":8},"end":{"line":96,"column":38}},"55":{"start":{"line":101,"column":2},"end":{"line":119,"column":3}},"56":{"start":{"line":102,"column":19},"end":{"line":102,"column":53}},"57":{"start":{"line":103,"column":25},"end":{"line":103,"column":54}},"58":{"start":{"line":105,"column":4},"end":{"line":109,"column":5}},"59":{"start":{"line":105,"column":17},"end":{"line":105,"column":18}},"60":{"start":{"line":106,"column":6},"end":{"line":108,"column":7}},"61":{"start":{"line":107,"column":8},"end":{"line":107,"column":30}},"62":{"start":{"line":111,"column":4},"end":{"line":111,"column":29}},"63":{"start":{"line":112,"column":4},"end":{"line":114,"column":5}},"64":{"start":{"line":112,"column":17},"end":{"line":112,"column":18}},"65":{"start":{"line":113,"column":6},"end":{"line":113,"column":53}},"66":{"start":{"line":116,"column":14},"end":{"line":116,"column":40}},"67":{"start":{"line":117,"column":21},"end":{"line":117,"column":90}},"68":{"start":{"line":118,"column":4},"end":{"line":118,"column":137}},"69":{"start":{"line":121,"column":2},"end":{"line":140,"column":3}},"70":{"start":{"line":127,"column":25},"end":{"line":127,"column":72}},"71":{"start":{"line":128,"column":30},"end":{"line":128,"column":51}},"72":{"start":{"line":131,"column":18},"end":{"line":131,"column":31}},"73":{"start":{"line":132,"column":4},"end":{"line":132,"column":98}},"74":{"start":{"line":134,"column":4},"end":{"line":134,"column":34}},"75":{"start":{"line":135,"column":4},"end":{"line":135,"column":39}},"76":{"start":{"line":136,"column":4},"end":{"line":136,"column":49}},"77":{"start":{"line":137,"column":4},"end":{"line":137,"column":68}},"78":{"start":{"line":138,"column":4},"end":{"line":138,"column":37}},"79":{"start":{"line":139,"column":4},"end":{"line":139,"column":39}},"80":{"start":{"line":142,"column":2},"end":{"line":145,"column":3}},"81":{"start":{"line":143,"column":4},"end":{"line":144,"column":114}},"82":{"start":{"line":147,"column":2},"end":{"line":160,"column":3}},"83":{"start":{"line":148,"column":24},"end":{"line":148,"column":44}},"84":{"start":{"line":149,"column":31},"end":{"line":149,"column":78}},"85":{"start":{"line":151,"column":4},"end":{"line":159,"column":5}},"86":{"start":{"line":152,"column":6},"end":{"line":156,"column":7}},"87":{"start":{"line":153,"column":8},"end":{"line":153,"column":48}},"88":{"start":{"line":155,"column":8},"end":{"line":155,"column":48}},"89":{"start":{"line":158,"column":6},"end":{"line":158,"column":35}},"90":{"start":{"line":162,"column":2},"end":{"line":171,"column":3}},"91":{"start":{"line":163,"column":4},"end":{"line":163,"column":34}},"92":{"start":{"line":164,"column":16},"end":{"line":164,"column":45}},"93":{"start":{"line":165,"column":24},"end":{"line":165,"column":29}},"94":{"start":{"line":166,"column":4},"end":{"line":168,"column":5}},"95":{"start":{"line":167,"column":6},"end":{"line":167,"column":41}},"96":{"start":{"line":170,"column":4},"end":{"line":170,"column":24}},"97":{"start":{"line":173,"column":2},"end":{"line":180,"column":3}},"98":{"start":{"line":174,"column":4},"end":{"line":178,"column":5}},"99":{"start":{"line":175,"column":6},"end":{"line":175,"column":17}},"100":{"start":{"line":177,"column":6},"end":{"line":177,"column":18}},"101":{"start":{"line":179,"column":4},"end":{"line":179,"column":22}},"102":{"start":{"line":182,"column":2},"end":{"line":191,"column":3}},"103":{"start":{"line":183,"column":4},"end":{"line":190,"column":5}},"104":{"start":{"line":184,"column":6},"end":{"line":184,"column":81}},"105":{"start":{"line":185,"column":6},"end":{"line":185,"column":49}},"106":{"start":{"line":186,"column":6},"end":{"line":186,"column":46}},"107":{"start":{"line":187,"column":6},"end":{"line":189,"column":7}},"108":{"start":{"line":188,"column":8},"end":{"line":188,"column":26}},"109":{"start":{"line":193,"column":2},"end":{"line":197,"column":3}},"110":{"start":{"line":194,"column":4},"end":{"line":194,"column":47}},"111":{"start":{"line":195,"column":4},"end":{"line":195,"column":44}},"112":{"start":{"line":196,"column":4},"end":{"line":196,"column":80}},"113":{"start":{"line":199,"column":2},"end":{"line":201,"column":3}},"114":{"start":{"line":200,"column":4},"end":{"line":200,"column":51}},"115":{"start":{"line":203,"column":2},"end":{"line":207,"column":3}},"116":{"start":{"line":204,"column":4},"end":{"line":206,"column":6}},"117":{"start":{"line":209,"column":2},"end":{"line":215,"column":3}},"118":{"start":{"line":210,"column":20},"end":{"line":210,"column":29}},"119":{"start":{"line":211,"column":39},"end":{"line":211,"column":70}},"120":{"start":{"line":212,"column":30},"end":{"line":212,"column":59}},"121":{"start":{"line":213,"column":37},"end":{"line":213,"column":81}},"122":{"start":{"line":214,"column":4},"end":{"line":214,"column":68}},"123":{"start":{"line":217,"column":2},"end":{"line":222,"column":3}},"124":{"start":{"line":218,"column":28},"end":{"line":218,"column":83}},"125":{"start":{"line":220,"column":4},"end":{"line":220,"column":86}},"126":{"start":{"line":221,"column":4},"end":{"line":221,"column":28}},"127":{"start":{"line":224,"column":2},"end":{"line":245,"column":3}},"128":{"start":{"line":225,"column":39},"end":{"line":225,"column":70}},"129":{"start":{"line":226,"column":17},"end":{"line":226,"column":51}},"130":{"start":{"line":230,"column":4},"end":{"line":233,"column":5}},"131":{"start":{"line":231,"column":6},"end":{"line":231,"column":40}},"132":{"start":{"line":232,"column":6},"end":{"line":232,"column":18}},"133":{"start":{"line":236,"column":4},"end":{"line":239,"column":5}},"134":{"start":{"line":237,"column":6},"end":{"line":237,"column":41}},"135":{"start":{"line":238,"column":6},"end":{"line":238,"column":12}},"136":{"start":{"line":242,"column":30},"end":{"line":242,"column":64}},"137":{"start":{"line":243,"column":19},"end":{"line":243,"column":60}},"138":{"start":{"line":244,"column":4},"end":{"line":244,"column":76}},"139":{"start":{"line":247,"column":2},"end":{"line":247,"column":37}}},"fnMap":{"0":{"name":"(anonymous_0)","decl":{"start":{"line":5,"column":1},"end":{"line":5,"column":2}},"loc":{"start":{"line":5,"column":20},"end":{"line":248,"column":1}},"line":5},"1":{"name":"OptionSelect","decl":{"start":{"line":6,"column":11},"end":{"line":6,"column":23}},"loc":{"start":{"line":6,"column":27},"end":{"line":6,"column":29}},"line":6},"2":{"name":"(anonymous_2)","decl":{"start":{"line":12,"column":33},"end":{"line":12,"column":34}},"loc":{"start":{"line":12,"column":52},"end":{"line":81,"column":3}},"line":12},"3":{"name":"(anonymous_3)","decl":{"start":{"line":39,"column":31},"end":{"line":39,"column":32}},"loc":{"start":{"line":39,"column":43},"end":{"line":41,"column":7}},"line":39},"4":{"name":"(anonymous_4)","decl":{"start":{"line":43,"column":31},"end":{"line":43,"column":32}},"loc":{"start":{"line":43,"column":44},"end":{"line":56,"column":7}},"line":43},"5":{"name":"(anonymous_5)","decl":{"start":{"line":50,"column":12},"end":{"line":50,"column":13}},"loc":{"start":{"line":50,"column":24},"end":{"line":50,"column":47}},"line":50},"6":{"name":"cleanString","decl":{"start":{"line":83,"column":48},"end":{"line":83,"column":59}},"loc":{"start":{"line":83,"column":67},"end":{"line":88,"column":3}},"line":83},"7":{"name":"getAllCheckedCheckboxes","decl":{"start":{"line":90,"column":60},"end":{"line":90,"column":83}},"loc":{"start":{"line":90,"column":87},"end":{"line":99,"column":3}},"line":90},"8":{"name":"(anonymous_8)","decl":{"start":{"line":94,"column":29},"end":{"line":94,"column":30}},"loc":{"start":{"line":94,"column":42},"end":{"line":98,"column":5}},"line":94},"9":{"name":"doFilter","decl":{"start":{"line":101,"column":45},"end":{"line":101,"column":53}},"loc":{"start":{"line":101,"column":60},"end":{"line":119,"column":3}},"line":101},"10":{"name":"replaceHeadingSpanWithButton","decl":{"start":{"line":121,"column":65},"end":{"line":121,"column":93}},"loc":{"start":{"line":121,"column":97},"end":{"line":140,"column":3}},"line":121},"11":{"name":"attachCheckedCounter","decl":{"start":{"line":142,"column":57},"end":{"line":142,"column":77}},"loc":{"start":{"line":142,"column":94},"end":{"line":145,"column":3}},"line":142},"12":{"name":"updateCheckedCount","decl":{"start":{"line":147,"column":55},"end":{"line":147,"column":73}},"loc":{"start":{"line":147,"column":77},"end":{"line":160,"column":3}},"line":147},"13":{"name":"checkedString","decl":{"start":{"line":162,"column":50},"end":{"line":162,"column":63}},"loc":{"start":{"line":162,"column":67},"end":{"line":171,"column":3}},"line":162},"14":{"name":"toggleOptionSelect","decl":{"start":{"line":173,"column":55},"end":{"line":173,"column":73}},"loc":{"start":{"line":173,"column":78},"end":{"line":180,"column":3}},"line":173},"15":{"name":"open","decl":{"start":{"line":182,"column":41},"end":{"line":182,"column":45}},"loc":{"start":{"line":182,"column":49},"end":{"line":191,"column":3}},"line":182},"16":{"name":"close","decl":{"start":{"line":193,"column":42},"end":{"line":193,"column":47}},"loc":{"start":{"line":193,"column":51},"end":{"line":197,"column":3}},"line":193},"17":{"name":"isClosed","decl":{"start":{"line":199,"column":45},"end":{"line":199,"column":53}},"loc":{"start":{"line":199,"column":57},"end":{"line":201,"column":3}},"line":199},"18":{"name":"setContainerHeight","decl":{"start":{"line":203,"column":55},"end":{"line":203,"column":73}},"loc":{"start":{"line":203,"column":83},"end":{"line":207,"column":3}},"line":203},"19":{"name":"isCheckboxVisible","decl":{"start":{"line":209,"column":54},"end":{"line":209,"column":71}},"loc":{"start":{"line":209,"column":88},"end":{"line":215,"column":3}},"line":209},"20":{"name":"getVisibleCheckboxes","decl":{"start":{"line":217,"column":57},"end":{"line":217,"column":77}},"loc":{"start":{"line":217,"column":81},"end":{"line":222,"column":3}},"line":217},"21":{"name":"setupHeight","decl":{"start":{"line":224,"column":48},"end":{"line":224,"column":59}},"loc":{"start":{"line":224,"column":63},"end":{"line":245,"column":3}},"line":224}},"branchMap":{"0":{"loc":{"start":{"line":2,"column":15},"end":{"line":2,"column":33}},"type":"binary-expr","locations":[{"start":{"line":2,"column":15},"end":{"line":2,"column":27}},{"start":{"line":2,"column":31},"end":{"line":2,"column":33}}],"line":2},"1":{"loc":{"start":{"line":3,"column":23},"end":{"line":3,"column":49}},"type":"binary-expr","locations":[{"start":{"line":3,"column":23},"end":{"line":3,"column":43}},{"start":{"line":3,"column":47},"end":{"line":3,"column":49}}],"line":3},"2":{"loc":{"start":{"line":18,"column":21},"end":{"line":18,"column":68}},"type":"binary-expr","locations":[{"start":{"line":18,"column":21},"end":{"line":18,"column":62}},{"start":{"line":18,"column":66},"end":{"line":18,"column":68}}],"line":18},"3":{"loc":{"start":{"line":21,"column":4},"end":{"line":57,"column":5}},"type":"if","locations":[{"start":{"line":21,"column":4},"end":{"line":57,"column":5}},{"start":{"line":21,"column":4},"end":{"line":57,"column":5}}],"line":21},"4":{"loc":{"start":{"line":47,"column":8},"end":{"line":55,"column":9}},"type":"if","locations":[{"start":{"line":47,"column":8},"end":{"line":55,"column":9}},{"start":{"line":47,"column":8},"end":{"line":55,"column":9}}],"line":47},"5":{"loc":{"start":{"line":71,"column":4},"end":{"line":75,"column":5}},"type":"if","locations":[{"start":{"line":71,"column":4},"end":{"line":75,"column":5}},{"start":{"line":71,"column":4},"end":{"line":75,"column":5}}],"line":71},"6":{"loc":{"start":{"line":78,"column":4},"end":{"line":80,"column":5}},"type":"if","locations":[{"start":{"line":78,"column":4},"end":{"line":80,"column":5}},{"start":{"line":78,"column":4},"end":{"line":80,"column":5}}],"line":78},"7":{"loc":{"start":{"line":95,"column":6},"end":{"line":97,"column":7}},"type":"if","locations":[{"start":{"line":95,"column":6},"end":{"line":97,"column":7}},{"start":{"line":95,"column":6},"end":{"line":97,"column":7}}],"line":95},"8":{"loc":{"start":{"line":106,"column":6},"end":{"line":108,"column":7}},"type":"if","locations":[{"start":{"line":106,"column":6},"end":{"line":108,"column":7}},{"start":{"line":106,"column":6},"end":{"line":108,"column":7}}],"line":106},"9":{"loc":{"start":{"line":106,"column":10},"end":{"line":106,"column":91}},"type":"binary-expr","locations":[{"start":{"line":106,"column":10},"end":{"line":106,"column":42}},{"start":{"line":106,"column":46},"end":{"line":106,"column":91}}],"line":106},"10":{"loc":{"start":{"line":116,"column":14},"end":{"line":116,"column":40}},"type":"binary-expr","locations":[{"start":{"line":116,"column":14},"end":{"line":116,"column":35}},{"start":{"line":116,"column":39},"end":{"line":116,"column":40}}],"line":116},"11":{"loc":{"start":{"line":118,"column":33},"end":{"line":118,"column":90}},"type":"cond-expr","locations":[{"start":{"line":118,"column":45},"end":{"line":118,"column":65}},{"start":{"line":118,"column":68},"end":{"line":118,"column":90}}],"line":118},"12":{"loc":{"start":{"line":151,"column":4},"end":{"line":159,"column":5}},"type":"if","locations":[{"start":{"line":151,"column":4},"end":{"line":159,"column":5}},{"start":{"line":151,"column":4},"end":{"line":159,"column":5}}],"line":151},"13":{"loc":{"start":{"line":152,"column":6},"end":{"line":156,"column":7}},"type":"if","locations":[{"start":{"line":152,"column":6},"end":{"line":156,"column":7}},{"start":{"line":152,"column":6},"end":{"line":156,"column":7}}],"line":152},"14":{"loc":{"start":{"line":166,"column":4},"end":{"line":168,"column":5}},"type":"if","locations":[{"start":{"line":166,"column":4},"end":{"line":168,"column":5}},{"start":{"line":166,"column":4},"end":{"line":168,"column":5}}],"line":166},"15":{"loc":{"start":{"line":174,"column":4},"end":{"line":178,"column":5}},"type":"if","locations":[{"start":{"line":174,"column":4},"end":{"line":178,"column":5}},{"start":{"line":174,"column":4},"end":{"line":178,"column":5}}],"line":174},"16":{"loc":{"start":{"line":183,"column":4},"end":{"line":190,"column":5}},"type":"if","locations":[{"start":{"line":183,"column":4},"end":{"line":190,"column":5}},{"start":{"line":183,"column":4},"end":{"line":190,"column":5}}],"line":183},"17":{"loc":{"start":{"line":187,"column":6},"end":{"line":189,"column":7}},"type":"if","locations":[{"start":{"line":187,"column":6},"end":{"line":189,"column":7}},{"start":{"line":187,"column":6},"end":{"line":189,"column":7}}],"line":187},"18":{"loc":{"start":{"line":230,"column":4},"end":{"line":233,"column":5}},"type":"if","locations":[{"start":{"line":230,"column":4},"end":{"line":233,"column":5}},{"start":{"line":230,"column":4},"end":{"line":233,"column":5}}],"line":230},"19":{"loc":{"start":{"line":236,"column":4},"end":{"line":239,"column":5}},"type":"if","locations":[{"start":{"line":236,"column":4},"end":{"line":239,"column":5}},{"start":{"line":236,"column":4},"end":{"line":239,"column":5}}],"line":236}},"s":{"0":1,"1":1,"2":1,"3":1,"4":28,"5":28,"6":28,"7":28,"8":28,"9":28,"10":28,"11":28,"12":10,"13":10,"14":10,"15":10,"16":10,"17":10,"18":10,"19":10,"20":10,"21":10,"22":10,"23":10,"24":10,"25":120,"26":10,"27":17,"28":17,"29":17,"30":16,"31":16,"32":16,"33":1,"34":28,"35":28,"36":28,"37":28,"38":28,"39":3,"40":25,"41":28,"42":28,"43":0,"44":1,"45":136,"46":136,"47":136,"48":136,"49":1,"50":40,"51":40,"52":40,"53":432,"54":3,"55":1,"56":16,"57":16,"58":16,"59":16,"60":192,"61":17,"62":16,"63":16,"64":16,"65":21,"66":16,"67":16,"68":16,"69":1,"70":28,"71":28,"72":28,"73":28,"74":28,"75":28,"76":28,"77":28,"78":28,"79":28,"80":1,"81":1,"82":1,"83":2,"84":2,"85":2,"86":2,"87":1,"88":1,"89":0,"90":1,"91":30,"92":30,"93":30,"94":30,"95":2,"96":30,"97":1,"98":7,"99":4,"100":3,"101":7,"102":1,"103":3,"104":3,"105":3,"106":3,"107":3,"108":1,"109":1,"110":5,"111":5,"112":5,"113":1,"114":10,"115":1,"116":31,"117":1,"118":62,"119":62,"120":62,"121":62,"122":62,"123":1,"124":5,"125":5,"126":5,"127":1,"128":28,"129":28,"130":28,"131":3,"132":3,"133":28,"134":25,"135":25,"136":3,"137":3,"138":3,"139":1},"f":{"0":1,"1":28,"2":28,"3":120,"4":17,"5":16,"6":136,"7":40,"8":432,"9":16,"10":28,"11":1,"12":2,"13":30,"14":7,"15":3,"16":5,"17":10,"18":31,"19":62,"20":5,"21":28},"b":{"0":[1,0],"1":[1,0],"2":[28,18],"3":[10,18],"4":[16,1],"5":[3,25],"6":[0,28],"7":[3,429],"8":[17,175],"9":[192,188],"10":[16,3],"11":[9,7],"12":[2,0],"13":[1,1],"14":[2,28],"15":[4,3],"16":[3,0],"17":[1,2],"18":[3,25],"19":[25,3]},"_coverageSchema":"1a1c01bbd47fc00a2c39e90264f33305004495a9","hash":"d7377b19723b02e94622ffef12c945f39f5f791c"}}
