TN:
SF:/govuk/finder-frontend/app/assets/javascripts.bak/support.js
FN:4,history
FNF:1
FNH:0
FNDA:0,history
DA:1,1
DA:2,1
DA:4,1
DA:5,0
LF:4
LH:3
BRDA:1,0,0,0
BRDA:1,0,1,1
BRDA:2,1,0,1
BRDA:2,1,1,0
BRDA:5,2,0,0
BRDA:5,2,1,0
BRDA:5,2,2,0
BRF:7
BRH:2
end_of_record
TN:
SF:/govuk/finder-frontend/app/assets/javascripts.bak/live_search.js
FN:2,(anonymous_0)
FN:8,LiveSearch
FN:50,(anonymous_2)
FN:60,(anonymous_3)
FN:68,(anonymous_4)
FN:74,(anonymous_5)
FN:96,startEnhancedEcommerceTracking
FN:102,getTaxonomyFacet
FN:107,getSerializeForm
FN:109,(anonymous_9)
FN:115,saveState
FN:123,popState
FN:133,formChange
FN:143,(anonymous_13)
FN:154,setRelevantResultCustomDimension
FN:160,trackingInit
FN:166,trackPageView
FN:172,trackSpellingSuggestionsImpressions
FN:186,indexTrackingData
FN:189,(anonymous_19)
FN:191,(anonymous_20)
FN:214,fireTextAnalyticsEvent
FN:229,cache
FN:237,isNewState
FN:241,updateTitle
FN:252,updateResultsCountMeta
FN:257,updateSortOptions
FN:263,bindSortElements
FN:269,currentKeywords
FN:273,updateOrder
FN:294,selectDefaultSortOption
FN:301,selectRelevanceSortOption
FN:310,updateResults
FN:320,(anonymous_33)
FN:323,(anonymous_34)
FN:333,updateLinks
FN:344,showLoadingIndicator
FN:348,showErrorIndicator
FN:352,updateElement
FN:356,displayResults
FN:377,restoreBooleans
FN:379,(anonymous_41)
FN:385,isBooleanSelected
FN:395,restoreTextInputs
FN:397,(anonymous_44)
FN:403,getTextInputValue
FN:413,(anonymous_46)
FN:420,(anonymous_47)
FN:434,(anonymous_48)
FN:452,(anonymous_49)
FNF:50
FNH:44
FNDA:1,(anonymous_0)
FNDA:58,LiveSearch
FNDA:0,(anonymous_2)
FNDA:0,(anonymous_3)
FNDA:0,(anonymous_4)
FNDA:7,(anonymous_5)
FNDA:1,startEnhancedEcommerceTracking
FNDA:66,getTaxonomyFacet
FNDA:80,getSerializeForm
FNDA:329,(anonymous_9)
FNDA:68,saveState
FNDA:1,popState
FNDA:11,formChange
FNDA:1,(anonymous_13)
FNDA:1,setRelevantResultCustomDimension
FNDA:1,trackingInit
FNDA:1,trackPageView
FNDA:15,trackSpellingSuggestionsImpressions
FNDA:58,indexTrackingData
FNDA:2,(anonymous_19)
FNDA:4,(anonymous_20)
FNDA:0,fireTextAnalyticsEvent
FNDA:14,cache
FNDA:13,isNewState
FNDA:8,updateTitle
FNDA:16,updateResultsCountMeta
FNDA:17,updateSortOptions
FNDA:75,bindSortElements
FNDA:10,currentKeywords
FNDA:9,updateOrder
FNDA:0,selectDefaultSortOption
FNDA:0,selectRelevanceSortOption
FNDA:10,updateResults
FNDA:1,(anonymous_33)
FNDA:7,(anonymous_34)
FNDA:9,updateLinks
FNDA:8,showLoadingIndicator
FNDA:6,showErrorIndicator
FNDA:136,updateElement
FNDA:17,displayResults
FNDA:3,restoreBooleans
FNDA:12,(anonymous_41)
FNDA:12,isBooleanSelected
FNDA:1,restoreTextInputs
FNDA:2,(anonymous_44)
FNDA:12,getTextInputValue
FNDA:58,(anonymous_46)
FNDA:16,(anonymous_47)
FNDA:7,(anonymous_48)
FNDA:7,(anonymous_49)
DA:2,1
DA:5,1
DA:6,1
DA:9,58
DA:10,58
DA:11,58
DA:13,58
DA:14,58
DA:15,58
DA:16,58
DA:17,58
DA:18,58
DA:19,58
DA:20,58
DA:21,58
DA:22,58
DA:23,58
DA:24,58
DA:25,58
DA:26,58
DA:27,58
DA:28,58
DA:29,58
DA:30,58
DA:31,58
DA:33,58
DA:34,58
DA:35,58
DA:36,58
DA:37,58
DA:39,58
DA:42,58
DA:45,58
DA:49,58
DA:51,0
DA:52,0
DA:56,58
DA:57,57
DA:59,57
DA:61,0
DA:67,57
DA:69,0
DA:73,57
DA:75,7
DA:77,7
DA:78,7
DA:79,4
DA:81,7
DA:82,7
DA:83,7
DA:88,57
DA:90,57
DA:92,1
DA:96,1
DA:97,1
DA:98,1
DA:99,1
DA:102,1
DA:103,66
DA:104,66
DA:107,1
DA:108,80
DA:109,80
DA:110,329
DA:112,80
DA:115,1
DA:116,68
DA:117,67
DA:119,68
DA:120,68
DA:123,1
DA:124,1
DA:125,1
DA:126,1
DA:127,1
DA:128,1
DA:129,1
DA:133,1
DA:135,11
DA:136,8
DA:137,8
DA:138,8
DA:139,8
DA:140,8
DA:141,8
DA:142,8
DA:144,1
DA:145,1
DA:146,1
DA:147,1
DA:148,1
DA:154,1
DA:155,1
DA:156,1
DA:157,1
DA:160,1
DA:161,1
DA:162,1
DA:163,1
DA:166,1
DA:167,1
DA:168,1
DA:169,1
DA:172,1
DA:173,15
DA:175,15
DA:176,15
DA:177,15
DA:186,1
DA:187,58
DA:188,58
DA:189,1
DA:190,2
DA:191,2
DA:192,4
DA:193,4
DA:194,4
DA:195,4
DA:196,4
DA:197,4
DA:202,58
DA:203,58
DA:204,1
DA:206,1
DA:207,0
DA:208,0
DA:209,0
DA:214,1
DA:215,0
DA:219,0
DA:220,0
DA:222,0
DA:229,1
DA:230,14
DA:231,12
DA:233,2
DA:237,1
DA:238,13
DA:241,1
DA:242,8
DA:243,8
DA:245,8
DA:246,0
DA:248,8
DA:252,1
DA:254,16
DA:257,1
DA:258,17
DA:259,17
DA:260,17
DA:263,1
DA:264,75
DA:265,75
DA:266,75
DA:269,1
DA:270,10
DA:273,1
DA:274,9
DA:275,9
DA:278,0
DA:279,0
DA:281,0
DA:282,0
DA:283,0
DA:285,0
DA:286,0
DA:289,0
DA:290,0
DA:294,1
DA:295,0
DA:297,0
DA:298,0
DA:301,1
DA:302,0
DA:303,0
DA:304,0
DA:305,0
DA:306,0
DA:310,1
DA:311,10
DA:312,10
DA:313,10
DA:314,10
DA:315,8
DA:316,8
DA:321,1
DA:322,1
DA:324,7
DA:327,2
DA:328,2
DA:329,2
DA:333,1
DA:334,9
DA:335,9
DA:336,9
DA:338,9
DA:339,9
DA:340,9
DA:344,1
DA:345,8
DA:348,1
DA:349,6
DA:352,1
DA:353,136
DA:356,1
DA:359,17
DA:360,16
DA:361,16
DA:362,16
DA:363,16
DA:364,16
DA:365,16
DA:366,16
DA:367,16
DA:368,16
DA:369,16
DA:370,16
DA:371,16
DA:372,16
DA:373,16
DA:377,1
DA:378,3
DA:379,3
DA:380,12
DA:381,12
DA:385,1
DA:387,12
DA:388,22
DA:389,7
DA:392,5
DA:395,1
DA:396,1
DA:397,1
DA:398,2
DA:399,2
DA:403,1
DA:405,12
DA:406,16
DA:407,1
DA:410,11
DA:413,1
DA:414,58
DA:415,58
DA:416,8
DA:420,1
DA:421,16
DA:423,8
DA:425,8
DA:427,8
DA:428,16
DA:429,16
DA:434,1
DA:435,7
DA:436,7
DA:443,7
DA:444,1
DA:445,1
DA:446,1
DA:447,1
DA:449,7
DA:452,1
DA:453,7
DA:456,7
DA:457,1
DA:458,1
DA:459,1
DA:460,1
DA:464,1
LF:268
LH:239
BRDA:5,0,0,1
BRDA:5,0,1,0
BRDA:28,1,0,58
BRDA:28,1,1,0
BRDA:39,2,0,58
BRDA:39,2,1,0
BRDA:56,3,0,57
BRDA:56,3,1,1
BRDA:77,4,0,7
BRDA:77,4,1,0
BRDA:77,5,0,7
BRDA:77,5,1,5
BRDA:78,6,0,4
BRDA:78,6,1,3
BRDA:78,7,0,7
BRDA:78,7,1,5
BRDA:99,8,0,0
BRDA:99,8,1,1
BRDA:103,9,0,66
BRDA:103,9,1,58
BRDA:110,10,0,329
BRDA:110,10,1,233
BRDA:116,11,0,67
BRDA:116,11,1,1
BRDA:124,12,0,1
BRDA:124,12,1,0
BRDA:135,13,0,8
BRDA:135,13,1,3
BRDA:156,14,0,0
BRDA:156,14,1,1
BRDA:176,15,0,1
BRDA:176,15,1,14
BRDA:188,16,0,1
BRDA:188,16,1,57
BRDA:203,17,0,1
BRDA:203,17,1,57
BRDA:206,18,0,0
BRDA:206,18,1,1
BRDA:230,19,0,12
BRDA:230,19,1,2
BRDA:245,20,0,0
BRDA:245,20,1,8
BRDA:258,21,0,0
BRDA:258,21,1,17
BRDA:274,22,0,9
BRDA:274,22,1,0
BRDA:283,23,0,0
BRDA:283,23,1,0
BRDA:285,24,0,0
BRDA:285,24,1,0
BRDA:285,25,0,0
BRDA:285,25,1,0
BRDA:289,26,0,0
BRDA:289,26,1,0
BRDA:303,27,0,0
BRDA:303,27,1,0
BRDA:314,28,0,8
BRDA:314,28,1,2
BRDA:335,29,0,9
BRDA:335,29,1,0
BRDA:335,30,0,9
BRDA:335,30,1,9
BRDA:338,31,0,9
BRDA:338,31,1,0
BRDA:338,32,0,9
BRDA:338,32,1,9
BRDA:359,33,0,16
BRDA:359,33,1,1
BRDA:388,34,0,7
BRDA:388,34,1,15
BRDA:388,35,0,22
BRDA:388,35,1,12
BRDA:406,36,0,1
BRDA:406,36,1,15
BRDA:415,37,0,8
BRDA:415,37,1,50
BRDA:421,38,0,8
BRDA:421,38,1,8
BRDA:429,39,0,8
BRDA:429,39,1,8
BRDA:443,40,0,1
BRDA:443,40,1,6
BRDA:456,41,0,1
BRDA:456,41,1,6
BRF:84
BRH:61
end_of_record
TN:
SF:/govuk/finder-frontend/app/assets/javascripts.bak/search-analytics.js
FN:1,(anonymous_0)
FN:6,canTrack
FN:12,trackEvent
FN:17,trackPageview
FN:22,setDimension
FNF:5
FNH:5
FNDA:1,(anonymous_0)
FNDA:7,canTrack
FNDA:2,trackEvent
FNDA:2,trackPageview
FNDA:3,setDimension
DA:1,1
DA:4,1
DA:7,7
DA:11,1
DA:13,2
DA:14,1
DA:18,2
DA:19,1
DA:23,3
DA:24,1
LF:10
LH:10
BRDA:4,0,0,1
BRDA:4,0,1,0
BRDA:13,1,0,1
BRDA:13,1,1,1
BRDA:13,2,0,2
BRDA:13,2,1,1
BRDA:18,3,0,1
BRDA:18,3,1,1
BRDA:18,4,0,2
BRDA:18,4,1,1
BRDA:23,5,0,2
BRDA:23,5,1,1
BRDA:23,6,0,3
BRDA:23,6,1,1
BRF:14
BRH:13
end_of_record
TN:
SF:/govuk/finder-frontend/app/assets/javascripts.bak/taxonomy-select.js
FN:7,(anonymous_0)
FN:13,TaxonomySelect
FN:18,updateTaxonomyFacet
FN:24,$topLevelTaxon
FN:28,$subTaxon
FN:32,disableSubTaxonFacet
FN:37,showRelevantSubTaxons
FN:42,(anonymous_7)
FN:49,instantiateOptions
FN:52,(anonymous_9)
FN:62,resetSubTaxonValue
FNF:11
FNH:11
FNDA:1,(anonymous_0)
FNDA:63,TaxonomySelect
FNDA:66,updateTaxonomyFacet
FNDA:212,$topLevelTaxon
FNDA:282,$subTaxon
FNDA:68,disableSubTaxonFacet
FNDA:69,showRelevantSubTaxons
FNDA:12,(anonymous_7)
FNDA:63,instantiateOptions
FNDA:30,(anonymous_9)
FNDA:67,resetSubTaxonValue
DA:7,1
DA:10,1
DA:11,1
DA:14,63
DA:15,63
DA:18,1
DA:19,66
DA:20,66
DA:21,66
DA:24,1
DA:25,212
DA:28,1
DA:29,282
DA:32,1
DA:33,68
DA:34,68
DA:37,1
DA:38,69
DA:40,69
DA:42,69
DA:43,12
DA:46,69
DA:49,1
DA:50,63
DA:52,63
DA:53,30
DA:55,30
DA:56,30
DA:59,63
DA:62,1
DA:63,67
DA:65,67
DA:67,67
DA:69,67
DA:70,1
DA:74,1
LF:36
LH:36
BRDA:10,0,0,1
BRDA:10,0,1,0
BRDA:43,1,0,9
BRDA:43,1,1,3
BRDA:55,2,0,30
BRDA:55,2,1,20
BRDA:67,3,0,67
BRDA:67,3,1,67
BRDA:69,4,0,1
BRDA:69,4,1,66
BRF:10
BRH:9
end_of_record
TN:
SF:/govuk/finder-frontend/app/assets/javascripts.bak/modules/enable-aria-controls.js
FN:6,(anonymous_0)
FN:9,EnableAriaControls
FN:10,(anonymous_2)
FN:13,enableAriaControls
FNF:4
FNH:4
FNDA:1,(anonymous_0)
FNDA:2,EnableAriaControls
FNDA:2,(anonymous_2)
FNDA:2,enableAriaControls
DA:3,1
DA:4,1
DA:6,1
DA:9,1
DA:10,2
DA:11,2
DA:14,2
DA:15,2
DA:16,1
LF:9
LH:9
BRDA:3,0,0,1
BRDA:3,0,1,0
BRDA:4,1,0,1
BRDA:4,1,1,0
BRDA:15,2,0,1
BRDA:15,2,1,1
BRDA:15,3,0,2
BRDA:15,3,1,2
BRF:8
BRH:6
end_of_record
TN:
SF:/govuk/finder-frontend/app/assets/javascripts.bak/modules/mobile-filters-modal.js
FN:5,(anonymous_0)
FN:6,MobileFiltersModal
FN:8,(anonymous_2)
FN:40,(anonymous_3)
FN:57,(anonymous_4)
FN:74,(anonymous_5)
FN:80,(anonymous_6)
FN:106,(anonymous_7)
FNF:8
FNH:6
FNDA:1,(anonymous_0)
FNDA:6,MobileFiltersModal
FNDA:6,(anonymous_2)
FNDA:5,(anonymous_3)
FNDA:6,(anonymous_4)
FNDA:0,(anonymous_5)
FNDA:0,(anonymous_6)
FNDA:1,(anonymous_7)
DA:2,1
DA:3,1
DA:5,1
DA:8,1
DA:9,6
DA:10,6
DA:11,6
DA:12,6
DA:13,6
DA:14,6
DA:16,6
DA:17,6
DA:18,6
DA:19,6
DA:20,6
DA:22,6
DA:25,6
DA:26,6
DA:29,6
DA:30,6
DA:31,12
DA:35,6
DA:36,6
DA:40,1
DA:41,5
DA:42,2
DA:46,5
DA:47,5
DA:48,5
DA:49,5
DA:50,5
DA:51,5
DA:52,5
DA:54,5
DA:57,1
DA:58,6
DA:59,3
DA:62,6
DA:63,6
DA:64,6
DA:65,6
DA:66,6
DA:67,6
DA:68,6
DA:69,6
DA:71,6
DA:74,1
DA:75,0
DA:80,1
DA:81,0
DA:82,0
DA:84,0
DA:86,0
DA:87,0
DA:88,0
DA:89,0
DA:92,0
DA:93,0
DA:94,0
DA:97,0
DA:99,0
DA:100,0
DA:102,0
DA:106,1
DA:107,1
DA:108,0
DA:112,1
DA:113,1
DA:114,1
DA:115,1
DA:116,1
DA:117,5
DA:118,5
DA:119,5
DA:121,4
DA:122,1
DA:123,3
DA:124,1
DA:126,4
DA:128,1
DA:129,1
DA:131,0
DA:132,0
DA:134,0
DA:139,1
DA:142,1
LF:86
LH:67
BRDA:2,0,0,1
BRDA:2,0,1,0
BRDA:3,1,0,1
BRDA:3,1,1,0
BRDA:25,2,0,6
BRDA:25,2,1,0
BRDA:29,3,0,6
BRDA:29,3,1,0
BRDA:35,4,0,6
BRDA:35,4,1,0
BRDA:41,5,0,2
BRDA:41,5,1,3
BRDA:58,6,0,3
BRDA:58,6,1,3
BRDA:65,7,0,6
BRDA:65,7,1,1
BRDA:84,8,0,0
BRDA:84,8,1,0
BRDA:84,8,2,0
BRDA:86,9,0,0
BRDA:86,9,1,0
BRDA:87,10,0,0
BRDA:87,10,1,0
BRDA:92,11,0,0
BRDA:92,11,1,0
BRDA:107,12,0,0
BRDA:107,12,1,1
BRDA:119,13,0,4
BRDA:119,13,1,1
BRDA:119,13,2,0
BRDA:119,13,3,0
BRDA:121,14,0,1
BRDA:121,14,1,3
BRDA:121,15,0,4
BRDA:121,15,1,2
BRDA:123,16,0,1
BRDA:123,16,1,2
BRDA:123,17,0,3
BRDA:123,17,1,2
BRF:39
BRH:22
end_of_record
TN:
SF:/govuk/finder-frontend/app/assets/javascripts.bak/modules/remove-filter.js
FN:6,(anonymous_0)
FN:9,RemoveFilter
FN:15,(anonymous_2)
FN:19,toggleFilter
FN:34,clearFacet
FN:69,getInput
FN:75,fireRemoveTagTrackingEvent
FN:93,decodeEntities
FNF:8
FNH:8
FNDA:1,(anonymous_0)
FNDA:8,RemoveFilter
FNDA:9,(anonymous_2)
FNDA:10,toggleFilter
FNDA:10,clearFacet
FNDA:10,getInput
FNDA:10,fireRemoveTagTrackingEvent
FNDA:4,decodeEntities
DA:3,1
DA:4,1
DA:6,1
DA:9,1
DA:10,8
DA:15,8
DA:16,9
DA:20,10
DA:21,10
DA:22,10
DA:24,10
DA:25,10
DA:26,10
DA:27,10
DA:29,10
DA:30,10
DA:31,10
DA:35,10
DA:36,10
DA:37,10
DA:39,10
DA:40,1
DA:41,1
DA:42,9
DA:59,4
DA:60,4
DA:61,4
DA:63,4
DA:64,5
DA:65,1
DA:70,10
DA:72,10
DA:76,10
DA:77,10
DA:78,10
DA:80,10
DA:86,10
DA:94,4
LF:38
LH:38
BRDA:3,0,0,1
BRDA:3,0,1,0
BRDA:4,1,0,1
BRDA:4,1,1,0
BRDA:39,2,0,1
BRDA:39,2,1,9
BRDA:42,3,0,4
BRDA:42,3,1,5
BRDA:42,4,0,9
BRDA:42,4,1,5
BRDA:64,5,0,1
BRDA:64,5,1,4
BRDA:70,6,0,4
BRDA:70,6,1,6
BRF:14
BRH:12
end_of_record
TN:
SF:/govuk/finder-frontend/app/assets/javascripts.bak/modules/track-brexit-qa-choices.js
FN:4,(anonymous_0)
FN:9,(anonymous_1)
FN:10,(anonymous_2)
FN:14,track
FN:15,(anonymous_4)
FN:22,(anonymous_5)
FNF:6
FNH:6
FNDA:1,(anonymous_0)
FNDA:3,(anonymous_1)
FNDA:3,(anonymous_2)
FNDA:3,track
FNDA:3,(anonymous_4)
FNDA:3,(anonymous_5)
DA:1,1
DA:2,1
DA:4,1
DA:7,1
DA:9,1
DA:10,3
DA:11,3
DA:15,3
DA:17,3
DA:18,3
DA:19,3
DA:21,3
DA:22,2
DA:23,3
DA:24,3
DA:25,3
DA:26,3
DA:30,3
DA:32,3
DA:36,1
DA:38,1
LF:21
LH:21
BRDA:1,0,0,1
BRDA:1,0,1,0
BRDA:2,1,0,1
BRDA:2,1,1,0
BRDA:21,2,0,2
BRDA:21,2,1,1
BRDA:26,3,0,2
BRDA:26,3,1,1
BRF:8
BRH:6
end_of_record
TN:
SF:/govuk/finder-frontend/app/assets/javascripts.bak/components/expander.js
FN:4,(anonymous_0)
FN:5,Expander
FN:12,(anonymous_2)
FN:42,(anonymous_3)
FN:53,(anonymous_4)
FN:62,(anonymous_5)
FN:76,(anonymous_6)
FN:86,attachSelectedCounter
FN:94,updateSelectedCount
FN:108,selectedString
FN:119,getAllSelectedElements
FNF:11
FNH:9
FNDA:1,(anonymous_0)
FNDA:8,Expander
FNDA:8,(anonymous_2)
FNDA:8,(anonymous_3)
FNDA:0,(anonymous_4)
FNDA:8,(anonymous_5)
FNDA:6,(anonymous_6)
FNDA:3,attachSelectedCounter
FNDA:0,updateSelectedCount
FNDA:8,selectedString
FNDA:8,getAllSelectedElements
DA:1,1
DA:2,1
DA:4,1
DA:12,1
DA:13,8
DA:14,8
DA:15,8
DA:16,8
DA:17,8
DA:19,8
DA:21,8
DA:23,8
DA:24,8
DA:25,8
DA:27,8
DA:28,8
DA:29,3
DA:31,3
DA:35,8
DA:38,8
DA:39,8
DA:42,1
DA:43,8
DA:44,12
DA:46,12
DA:47,6
DA:48,6
DA:53,1
DA:54,0
DA:57,0
DA:58,0
DA:62,1
DA:63,8
DA:64,8
DA:66,8
DA:67,8
DA:68,8
DA:69,8
DA:70,8
DA:71,8
DA:73,8
DA:76,1
DA:77,6
DA:78,4
DA:79,4
DA:81,2
DA:82,2
DA:86,1
DA:87,3
DA:88,3
DA:89,3
DA:90,3
DA:91,3
DA:94,1
DA:95,0
DA:96,0
DA:97,0
DA:98,0
DA:99,0
DA:101,0
DA:103,0
DA:104,0
DA:108,1
DA:109,8
DA:110,8
DA:111,8
DA:112,8
DA:113,3
DA:116,8
DA:119,1
DA:120,8
DA:121,8
DA:122,8
DA:123,12
DA:124,9
DA:129,1
LF:76
LH:65
BRDA:1,0,0,1
BRDA:1,0,1,0
BRDA:2,1,0,1
BRDA:2,1,1,0
BRDA:28,2,0,3
BRDA:28,2,1,5
BRDA:46,3,0,6
BRDA:46,3,1,6
BRDA:57,4,0,0
BRDA:57,4,1,0
BRDA:57,5,0,0
BRDA:57,5,1,0
BRDA:77,6,0,4
BRDA:77,6,1,2
BRDA:97,7,0,0
BRDA:97,7,1,0
BRDA:98,8,0,0
BRDA:98,8,1,0
BRDA:103,9,0,0
BRDA:103,9,1,0
BRDA:112,10,0,3
BRDA:112,10,1,5
BRDA:123,11,0,9
BRDA:123,11,1,3
BRF:24
BRH:12
end_of_record
TN:
SF:/govuk/finder-frontend/app/assets/javascripts.bak/components/option-select.js
FN:5,(anonymous_0)
FN:6,OptionSelect
FN:12,(anonymous_2)
FN:39,(anonymous_3)
FN:43,(anonymous_4)
FN:50,(anonymous_5)
FN:83,cleanString
FN:90,getAllCheckedCheckboxes
FN:94,(anonymous_8)
FN:101,doFilter
FN:121,replaceHeadingSpanWithButton
FN:142,attachCheckedCounter
FN:147,updateCheckedCount
FN:162,checkedString
FN:173,toggleOptionSelect
FN:182,open
FN:193,close
FN:199,isClosed
FN:203,setContainerHeight
FN:209,isCheckboxVisible
FN:217,getVisibleCheckboxes
FN:224,setupHeight
FNF:22
FNH:22
FNDA:1,(anonymous_0)
FNDA:28,OptionSelect
FNDA:28,(anonymous_2)
FNDA:120,(anonymous_3)
FNDA:17,(anonymous_4)
FNDA:16,(anonymous_5)
FNDA:136,cleanString
FNDA:40,getAllCheckedCheckboxes
FNDA:432,(anonymous_8)
FNDA:16,doFilter
FNDA:28,replaceHeadingSpanWithButton
FNDA:1,attachCheckedCounter
FNDA:2,updateCheckedCount
FNDA:30,checkedString
FNDA:7,toggleOptionSelect
FNDA:3,open
FNDA:5,close
FNDA:10,isClosed
FNDA:31,setContainerHeight
FNDA:62,isCheckboxVisible
FNDA:5,getVisibleCheckboxes
FNDA:28,setupHeight
DA:2,1
DA:3,1
DA:5,1
DA:12,1
DA:13,28
DA:14,28
DA:15,28
DA:16,28
DA:17,28
DA:18,28
DA:19,28
DA:21,28
DA:22,10
DA:23,10
DA:25,10
DA:29,10
DA:30,10
DA:31,10
DA:32,10
DA:33,10
DA:34,10
DA:35,10
DA:36,10
DA:38,10
DA:39,10
DA:40,120
DA:43,10
DA:44,17
DA:45,17
DA:47,17
DA:48,16
DA:49,16
DA:50,16
DA:54,1
DA:60,28
DA:63,28
DA:66,28
DA:69,28
DA:71,28
DA:72,3
DA:74,25
DA:77,28
DA:78,28
DA:79,0
DA:83,1
DA:84,136
DA:85,136
DA:86,136
DA:87,136
DA:90,1
DA:91,40
DA:92,40
DA:94,40
DA:95,432
DA:96,3
DA:101,1
DA:102,16
DA:103,16
DA:105,16
DA:106,192
DA:107,17
DA:111,16
DA:112,16
DA:113,21
DA:116,16
DA:117,16
DA:118,16
DA:121,1
DA:127,28
DA:128,28
DA:131,28
DA:132,28
DA:134,28
DA:135,28
DA:136,28
DA:137,28
DA:138,28
DA:139,28
DA:142,1
DA:143,1
DA:147,1
DA:148,2
DA:149,2
DA:151,2
DA:152,2
DA:153,1
DA:155,1
DA:158,0
DA:162,1
DA:163,30
DA:164,30
DA:165,30
DA:166,30
DA:167,2
DA:170,30
DA:173,1
DA:174,7
DA:175,4
DA:177,3
DA:179,7
DA:182,1
DA:183,3
DA:184,3
DA:185,3
DA:186,3
DA:187,3
DA:188,1
DA:193,1
DA:194,5
DA:195,5
DA:196,5
DA:199,1
DA:200,10
DA:203,1
DA:204,31
DA:209,1
DA:210,62
DA:211,62
DA:212,62
DA:213,62
DA:214,62
DA:217,1
DA:218,5
DA:220,5
DA:221,5
DA:224,1
DA:225,28
DA:226,28
DA:230,28
DA:231,3
DA:232,3
DA:236,28
DA:237,25
DA:238,25
DA:242,3
DA:243,3
DA:244,3
DA:247,1
LF:138
LH:136
BRDA:2,0,0,1
BRDA:2,0,1,0
BRDA:3,1,0,1
BRDA:3,1,1,0
BRDA:18,2,0,28
BRDA:18,2,1,18
BRDA:21,3,0,10
BRDA:21,3,1,18
BRDA:47,4,0,16
BRDA:47,4,1,1
BRDA:71,5,0,3
BRDA:71,5,1,25
BRDA:78,6,0,0
BRDA:78,6,1,28
BRDA:95,7,0,3
BRDA:95,7,1,429
BRDA:106,8,0,17
BRDA:106,8,1,175
BRDA:106,9,0,192
BRDA:106,9,1,188
BRDA:116,10,0,16
BRDA:116,10,1,3
BRDA:118,11,0,9
BRDA:118,11,1,7
BRDA:151,12,0,2
BRDA:151,12,1,0
BRDA:152,13,0,1
BRDA:152,13,1,1
BRDA:166,14,0,2
BRDA:166,14,1,28
BRDA:174,15,0,4
BRDA:174,15,1,3
BRDA:183,16,0,3
BRDA:183,16,1,0
BRDA:187,17,0,1
BRDA:187,17,1,2
BRDA:230,18,0,3
BRDA:230,18,1,25
BRDA:236,19,0,25
BRDA:236,19,1,3
BRF:40
BRH:35
end_of_record
